[2019-09-06 03:59:23] local.ERROR: Command "make:migrations" is not defined.

Did you mean one of these?
    make:auth
    make:channel
    make:command
    make:controller
    make:event
    make:exception
    make:factory
    make:job
    make:listener
    make:mail
    make:middleware
    make:migration
    make:model
    make:notification
    make:observer
    make:policy
    make:provider
    make:request
    make:resource
    make:rule
    make:seeder
    make:test {"exception":"[object] (Symfony\\Component\\Console\\Exception\\CommandNotFoundException(code: 0): Command \"make:migrations\" is not defined.

Did you mean one of these?
    make:auth
    make:channel
    make:command
    make:controller
    make:event
    make:exception
    make:factory
    make:job
    make:listener
    make:mail
    make:middleware
    make:migration
    make:model
    make:notification
    make:observer
    make:policy
    make:provider
    make:request
    make:resource
    make:rule
    make:seeder
    make:test at /home/ricardoe/Escritorio/SIGEN/SIGEN/vendor/symfony/console/Application.php:652)
[stacktrace]
#0 /home/ricardoe/Escritorio/SIGEN/SIGEN/vendor/symfony/console/Application.php(237): Symfony\\Component\\Console\\Application->find('make:migrations')
#1 /home/ricardoe/Escritorio/SIGEN/SIGEN/vendor/symfony/console/Application.php(149): Symfony\\Component\\Console\\Application->doRun(Object(Symfony\\Component\\Console\\Input\\ArgvInput), Object(Symfony\\Component\\Console\\Output\\ConsoleOutput))
#2 /home/ricardoe/Escritorio/SIGEN/SIGEN/vendor/laravel/framework/src/Illuminate/Console/Application.php(90): Symfony\\Component\\Console\\Application->run(Object(Symfony\\Component\\Console\\Input\\ArgvInput), Object(Symfony\\Component\\Console\\Output\\ConsoleOutput))
#3 /home/ricardoe/Escritorio/SIGEN/SIGEN/vendor/laravel/framework/src/Illuminate/Foundation/Console/Kernel.php(133): Illuminate\\Console\\Application->run(Object(Symfony\\Component\\Console\\Input\\ArgvInput), Object(Symfony\\Component\\Console\\Output\\ConsoleOutput))
#4 /home/ricardoe/Escritorio/SIGEN/SIGEN/artisan(37): Illuminate\\Foundation\\Console\\Kernel->handle(Object(Symfony\\Component\\Console\\Input\\ArgvInput), Object(Symfony\\Component\\Console\\Output\\ConsoleOutput))
#5 {main}
"} 
[2019-09-06 04:25:16] local.ERROR: SQLSTATE[23000]: Integrity constraint violation: 1451 Cannot delete or update a parent row: a foreign key constraint fails (SQL: drop table if exists `clave_area`) {"exception":"[object] (Illuminate\\Database\\QueryException(code: 23000): SQLSTATE[23000]: Integrity constraint violation: 1451 Cannot delete or update a parent row: a foreign key constraint fails (SQL: drop table if exists `clave_area`) at /home/ricardoe/Escritorio/SIGEN/SIGEN/vendor/laravel/framework/src/Illuminate/Database/Connection.php:664, PDOException(code: 23000): SQLSTATE[23000]: Integrity constraint violation: 1451 Cannot delete or update a parent row: a foreign key constraint fails at /home/ricardoe/Escritorio/SIGEN/SIGEN/vendor/laravel/framework/src/Illuminate/Database/Connection.php:458)
[stacktrace]
#0 /home/ricardoe/Escritorio/SIGEN/SIGEN/vendor/laravel/framework/src/Illuminate/Database/Connection.php(624): Illuminate\\Database\\Connection->runQueryCallback('drop table if e...', Array, Object(Closure))
#1 /home/ricardoe/Escritorio/SIGEN/SIGEN/vendor/laravel/framework/src/Illuminate/Database/Connection.php(459): Illuminate\\Database\\Connection->run('drop table if e...', Array, Object(Closure))
#2 /home/ricardoe/Escritorio/SIGEN/SIGEN/vendor/laravel/framework/src/Illuminate/Database/Schema/Blueprint.php(97): Illuminate\\Database\\Connection->statement('drop table if e...')
#3 /home/ricardoe/Escritorio/SIGEN/SIGEN/vendor/laravel/framework/src/Illuminate/Database/Schema/Builder.php(278): Illuminate\\Database\\Schema\\Blueprint->build(Object(Illuminate\\Database\\MySqlConnection), Object(Illuminate\\Database\\Schema\\Grammars\\MySqlGrammar))
#4 /home/ricardoe/Escritorio/SIGEN/SIGEN/vendor/laravel/framework/src/Illuminate/Database/Schema/Builder.php(193): Illuminate\\Database\\Schema\\Builder->build(Object(Illuminate\\Database\\Schema\\Blueprint))
#5 /home/ricardoe/Escritorio/SIGEN/SIGEN/vendor/laravel/framework/src/Illuminate/Support/Facades/Facade.php(237): Illuminate\\Database\\Schema\\Builder->dropIfExists('clave_area')
#6 /home/ricardoe/Escritorio/SIGEN/SIGEN/database/migrations/2019_07_28_022828_create_clave__areas_table.php(36): Illuminate\\Support\\Facades\\Facade::__callStatic('dropIfExists', Array)
#7 /home/ricardoe/Escritorio/SIGEN/SIGEN/vendor/laravel/framework/src/Illuminate/Database/Migrations/Migrator.php(379): CreateClaveAreasTable->down()
#8 /home/ricardoe/Escritorio/SIGEN/SIGEN/vendor/laravel/framework/src/Illuminate/Database/Migrations/Migrator.php(388): Illuminate\\Database\\Migrations\\Migrator->Illuminate\\Database\\Migrations\\{closure}()
#9 /home/ricardoe/Escritorio/SIGEN/SIGEN/vendor/laravel/framework/src/Illuminate/Database/Migrations/Migrator.php(352): Illuminate\\Database\\Migrations\\Migrator->runMigration(Object(CreateClaveAreasTable), 'down')
#10 /home/ricardoe/Escritorio/SIGEN/SIGEN/vendor/laravel/framework/src/Illuminate/Database/Migrations/Migrator.php(275): Illuminate\\Database\\Migrations\\Migrator->runDown('/home/ricardoe/...', Object(stdClass), false)
#11 /home/ricardoe/Escritorio/SIGEN/SIGEN/vendor/laravel/framework/src/Illuminate/Database/Migrations/Migrator.php(325): Illuminate\\Database\\Migrations\\Migrator->rollbackMigrations(Array, Array, Array)
#12 /home/ricardoe/Escritorio/SIGEN/SIGEN/vendor/laravel/framework/src/Illuminate/Database/Migrations/Migrator.php(304): Illuminate\\Database\\Migrations\\Migrator->resetMigrations(Array, Array, false)
#13 /home/ricardoe/Escritorio/SIGEN/SIGEN/vendor/laravel/framework/src/Illuminate/Database/Console/Migrations/ResetCommand.php(68): Illuminate\\Database\\Migrations\\Migrator->reset(Array, false)
#14 [internal function]: Illuminate\\Database\\Console\\Migrations\\ResetCommand->handle()
#15 /home/ricardoe/Escritorio/SIGEN/SIGEN/vendor/laravel/framework/src/Illuminate/Container/BoundMethod.php(32): call_user_func_array(Array, Array)
#16 /home/ricardoe/Escritorio/SIGEN/SIGEN/vendor/laravel/framework/src/Illuminate/Container/BoundMethod.php(90): Illuminate\\Container\\BoundMethod::Illuminate\\Container\\{closure}()
#17 /home/ricardoe/Escritorio/SIGEN/SIGEN/vendor/laravel/framework/src/Illuminate/Container/BoundMethod.php(34): Illuminate\\Container\\BoundMethod::callBoundMethod(Object(Illuminate\\Foundation\\Application), Array, Object(Closure))
#18 /home/ricardoe/Escritorio/SIGEN/SIGEN/vendor/laravel/framework/src/Illuminate/Container/Container.php(576): Illuminate\\Container\\BoundMethod::call(Object(Illuminate\\Foundation\\Application), Array, Array, NULL)
#19 /home/ricardoe/Escritorio/SIGEN/SIGEN/vendor/laravel/framework/src/Illuminate/Console/Command.php(183): Illuminate\\Container\\Container->call(Array)
#20 /home/ricardoe/Escritorio/SIGEN/SIGEN/vendor/symfony/console/Command/Command.php(255): Illuminate\\Console\\Command->execute(Object(Symfony\\Component\\Console\\Input\\ArrayInput), Object(Illuminate\\Console\\OutputStyle))
#21 /home/ricardoe/Escritorio/SIGEN/SIGEN/vendor/laravel/framework/src/Illuminate/Console/Command.php(170): Symfony\\Component\\Console\\Command\\Command->run(Object(Symfony\\Component\\Console\\Input\\ArrayInput), Object(Illuminate\\Console\\OutputStyle))
#22 /home/ricardoe/Escritorio/SIGEN/SIGEN/vendor/laravel/framework/src/Illuminate/Console/Command.php(198): Illuminate\\Console\\Command->run(Object(Symfony\\Component\\Console\\Input\\ArrayInput), Object(Illuminate\\Console\\OutputStyle))
#23 /home/ricardoe/Escritorio/SIGEN/SIGEN/vendor/laravel/framework/src/Illuminate/Database/Console/Migrations/RefreshCommand.php(100): Illuminate\\Console\\Command->call('migrate:reset', Array)
#24 /home/ricardoe/Escritorio/SIGEN/SIGEN/vendor/laravel/framework/src/Illuminate/Database/Console/Migrations/RefreshCommand.php(53): Illuminate\\Database\\Console\\Migrations\\RefreshCommand->runReset(NULL, NULL)
#25 [internal function]: Illuminate\\Database\\Console\\Migrations\\RefreshCommand->handle()
#26 /home/ricardoe/Escritorio/SIGEN/SIGEN/vendor/laravel/framework/src/Illuminate/Container/BoundMethod.php(32): call_user_func_array(Array, Array)
#27 /home/ricardoe/Escritorio/SIGEN/SIGEN/vendor/laravel/framework/src/Illuminate/Container/BoundMethod.php(90): Illuminate\\Container\\BoundMethod::Illuminate\\Container\\{closure}()
#28 /home/ricardoe/Escritorio/SIGEN/SIGEN/vendor/laravel/framework/src/Illuminate/Container/BoundMethod.php(34): Illuminate\\Container\\BoundMethod::callBoundMethod(Object(Illuminate\\Foundation\\Application), Array, Object(Closure))
#29 /home/ricardoe/Escritorio/SIGEN/SIGEN/vendor/laravel/framework/src/Illuminate/Container/Container.php(576): Illuminate\\Container\\BoundMethod::call(Object(Illuminate\\Foundation\\Application), Array, Array, NULL)
#30 /home/ricardoe/Escritorio/SIGEN/SIGEN/vendor/laravel/framework/src/Illuminate/Console/Command.php(183): Illuminate\\Container\\Container->call(Array)
#31 /home/ricardoe/Escritorio/SIGEN/SIGEN/vendor/symfony/console/Command/Command.php(255): Illuminate\\Console\\Command->execute(Object(Symfony\\Component\\Console\\Input\\ArgvInput), Object(Illuminate\\Console\\OutputStyle))
#32 /home/ricardoe/Escritorio/SIGEN/SIGEN/vendor/laravel/framework/src/Illuminate/Console/Command.php(170): Symfony\\Component\\Console\\Command\\Command->run(Object(Symfony\\Component\\Console\\Input\\ArgvInput), Object(Illuminate\\Console\\OutputStyle))
#33 /home/ricardoe/Escritorio/SIGEN/SIGEN/vendor/symfony/console/Application.php(921): Illuminate\\Console\\Command->run(Object(Symfony\\Component\\Console\\Input\\ArgvInput), Object(Symfony\\Component\\Console\\Output\\ConsoleOutput))
#34 /home/ricardoe/Escritorio/SIGEN/SIGEN/vendor/symfony/console/Application.php(273): Symfony\\Component\\Console\\Application->doRunCommand(Object(Illuminate\\Database\\Console\\Migrations\\RefreshCommand), Object(Symfony\\Component\\Console\\Input\\ArgvInput), Object(Symfony\\Component\\Console\\Output\\ConsoleOutput))
#35 /home/ricardoe/Escritorio/SIGEN/SIGEN/vendor/symfony/console/Application.php(149): Symfony\\Component\\Console\\Application->doRun(Object(Symfony\\Component\\Console\\Input\\ArgvInput), Object(Symfony\\Component\\Console\\Output\\ConsoleOutput))
#36 /home/ricardoe/Escritorio/SIGEN/SIGEN/vendor/laravel/framework/src/Illuminate/Console/Application.php(90): Symfony\\Component\\Console\\Application->run(Object(Symfony\\Component\\Console\\Input\\ArgvInput), Object(Symfony\\Component\\Console\\Output\\ConsoleOutput))
#37 /home/ricardoe/Escritorio/SIGEN/SIGEN/vendor/laravel/framework/src/Illuminate/Foundation/Console/Kernel.php(133): Illuminate\\Console\\Application->run(Object(Symfony\\Component\\Console\\Input\\ArgvInput), Object(Symfony\\Component\\Console\\Output\\ConsoleOutput))
#38 /home/ricardoe/Escritorio/SIGEN/SIGEN/artisan(37): Illuminate\\Foundation\\Console\\Kernel->handle(Object(Symfony\\Component\\Console\\Input\\ArgvInput), Object(Symfony\\Component\\Console\\Output\\ConsoleOutput))
#39 {main}
"} 
[2019-09-06 04:25:43] local.ERROR: SQLSTATE[23000]: Integrity constraint violation: 1451 Cannot delete or update a parent row: a foreign key constraint fails (SQL: drop table if exists `clave_area`) {"exception":"[object] (Illuminate\\Database\\QueryException(code: 23000): SQLSTATE[23000]: Integrity constraint violation: 1451 Cannot delete or update a parent row: a foreign key constraint fails (SQL: drop table if exists `clave_area`) at /home/ricardoe/Escritorio/SIGEN/SIGEN/vendor/laravel/framework/src/Illuminate/Database/Connection.php:664, PDOException(code: 23000): SQLSTATE[23000]: Integrity constraint violation: 1451 Cannot delete or update a parent row: a foreign key constraint fails at /home/ricardoe/Escritorio/SIGEN/SIGEN/vendor/laravel/framework/src/Illuminate/Database/Connection.php:458)
[stacktrace]
#0 /home/ricardoe/Escritorio/SIGEN/SIGEN/vendor/laravel/framework/src/Illuminate/Database/Connection.php(624): Illuminate\\Database\\Connection->runQueryCallback('drop table if e...', Array, Object(Closure))
#1 /home/ricardoe/Escritorio/SIGEN/SIGEN/vendor/laravel/framework/src/Illuminate/Database/Connection.php(459): Illuminate\\Database\\Connection->run('drop table if e...', Array, Object(Closure))
#2 /home/ricardoe/Escritorio/SIGEN/SIGEN/vendor/laravel/framework/src/Illuminate/Database/Schema/Blueprint.php(97): Illuminate\\Database\\Connection->statement('drop table if e...')
#3 /home/ricardoe/Escritorio/SIGEN/SIGEN/vendor/laravel/framework/src/Illuminate/Database/Schema/Builder.php(278): Illuminate\\Database\\Schema\\Blueprint->build(Object(Illuminate\\Database\\MySqlConnection), Object(Illuminate\\Database\\Schema\\Grammars\\MySqlGrammar))
#4 /home/ricardoe/Escritorio/SIGEN/SIGEN/vendor/laravel/framework/src/Illuminate/Database/Schema/Builder.php(193): Illuminate\\Database\\Schema\\Builder->build(Object(Illuminate\\Database\\Schema\\Blueprint))
#5 /home/ricardoe/Escritorio/SIGEN/SIGEN/vendor/laravel/framework/src/Illuminate/Support/Facades/Facade.php(237): Illuminate\\Database\\Schema\\Builder->dropIfExists('clave_area')
#6 /home/ricardoe/Escritorio/SIGEN/SIGEN/database/migrations/2019_07_28_022828_create_clave__areas_table.php(36): Illuminate\\Support\\Facades\\Facade::__callStatic('dropIfExists', Array)
#7 /home/ricardoe/Escritorio/SIGEN/SIGEN/vendor/laravel/framework/src/Illuminate/Database/Migrations/Migrator.php(379): CreateClaveAreasTable->down()
#8 /home/ricardoe/Escritorio/SIGEN/SIGEN/vendor/laravel/framework/src/Illuminate/Database/Migrations/Migrator.php(388): Illuminate\\Database\\Migrations\\Migrator->Illuminate\\Database\\Migrations\\{closure}()
#9 /home/ricardoe/Escritorio/SIGEN/SIGEN/vendor/laravel/framework/src/Illuminate/Database/Migrations/Migrator.php(352): Illuminate\\Database\\Migrations\\Migrator->runMigration(Object(CreateClaveAreasTable), 'down')
#10 /home/ricardoe/Escritorio/SIGEN/SIGEN/vendor/laravel/framework/src/Illuminate/Database/Migrations/Migrator.php(275): Illuminate\\Database\\Migrations\\Migrator->runDown('/home/ricardoe/...', Object(stdClass), false)
#11 /home/ricardoe/Escritorio/SIGEN/SIGEN/vendor/laravel/framework/src/Illuminate/Database/Migrations/Migrator.php(325): Illuminate\\Database\\Migrations\\Migrator->rollbackMigrations(Array, Array, Array)
#12 /home/ricardoe/Escritorio/SIGEN/SIGEN/vendor/laravel/framework/src/Illuminate/Database/Migrations/Migrator.php(304): Illuminate\\Database\\Migrations\\Migrator->resetMigrations(Array, Array, false)
#13 /home/ricardoe/Escritorio/SIGEN/SIGEN/vendor/laravel/framework/src/Illuminate/Database/Console/Migrations/ResetCommand.php(68): Illuminate\\Database\\Migrations\\Migrator->reset(Array, false)
#14 [internal function]: Illuminate\\Database\\Console\\Migrations\\ResetCommand->handle()
#15 /home/ricardoe/Escritorio/SIGEN/SIGEN/vendor/laravel/framework/src/Illuminate/Container/BoundMethod.php(32): call_user_func_array(Array, Array)
#16 /home/ricardoe/Escritorio/SIGEN/SIGEN/vendor/laravel/framework/src/Illuminate/Container/BoundMethod.php(90): Illuminate\\Container\\BoundMethod::Illuminate\\Container\\{closure}()
#17 /home/ricardoe/Escritorio/SIGEN/SIGEN/vendor/laravel/framework/src/Illuminate/Container/BoundMethod.php(34): Illuminate\\Container\\BoundMethod::callBoundMethod(Object(Illuminate\\Foundation\\Application), Array, Object(Closure))
#18 /home/ricardoe/Escritorio/SIGEN/SIGEN/vendor/laravel/framework/src/Illuminate/Container/Container.php(576): Illuminate\\Container\\BoundMethod::call(Object(Illuminate\\Foundation\\Application), Array, Array, NULL)
#19 /home/ricardoe/Escritorio/SIGEN/SIGEN/vendor/laravel/framework/src/Illuminate/Console/Command.php(183): Illuminate\\Container\\Container->call(Array)
#20 /home/ricardoe/Escritorio/SIGEN/SIGEN/vendor/symfony/console/Command/Command.php(255): Illuminate\\Console\\Command->execute(Object(Symfony\\Component\\Console\\Input\\ArrayInput), Object(Illuminate\\Console\\OutputStyle))
#21 /home/ricardoe/Escritorio/SIGEN/SIGEN/vendor/laravel/framework/src/Illuminate/Console/Command.php(170): Symfony\\Component\\Console\\Command\\Command->run(Object(Symfony\\Component\\Console\\Input\\ArrayInput), Object(Illuminate\\Console\\OutputStyle))
#22 /home/ricardoe/Escritorio/SIGEN/SIGEN/vendor/laravel/framework/src/Illuminate/Console/Command.php(198): Illuminate\\Console\\Command->run(Object(Symfony\\Component\\Console\\Input\\ArrayInput), Object(Illuminate\\Console\\OutputStyle))
#23 /home/ricardoe/Escritorio/SIGEN/SIGEN/vendor/laravel/framework/src/Illuminate/Database/Console/Migrations/RefreshCommand.php(100): Illuminate\\Console\\Command->call('migrate:reset', Array)
#24 /home/ricardoe/Escritorio/SIGEN/SIGEN/vendor/laravel/framework/src/Illuminate/Database/Console/Migrations/RefreshCommand.php(53): Illuminate\\Database\\Console\\Migrations\\RefreshCommand->runReset(NULL, NULL)
#25 [internal function]: Illuminate\\Database\\Console\\Migrations\\RefreshCommand->handle()
#26 /home/ricardoe/Escritorio/SIGEN/SIGEN/vendor/laravel/framework/src/Illuminate/Container/BoundMethod.php(32): call_user_func_array(Array, Array)
#27 /home/ricardoe/Escritorio/SIGEN/SIGEN/vendor/laravel/framework/src/Illuminate/Container/BoundMethod.php(90): Illuminate\\Container\\BoundMethod::Illuminate\\Container\\{closure}()
#28 /home/ricardoe/Escritorio/SIGEN/SIGEN/vendor/laravel/framework/src/Illuminate/Container/BoundMethod.php(34): Illuminate\\Container\\BoundMethod::callBoundMethod(Object(Illuminate\\Foundation\\Application), Array, Object(Closure))
#29 /home/ricardoe/Escritorio/SIGEN/SIGEN/vendor/laravel/framework/src/Illuminate/Container/Container.php(576): Illuminate\\Container\\BoundMethod::call(Object(Illuminate\\Foundation\\Application), Array, Array, NULL)
#30 /home/ricardoe/Escritorio/SIGEN/SIGEN/vendor/laravel/framework/src/Illuminate/Console/Command.php(183): Illuminate\\Container\\Container->call(Array)
#31 /home/ricardoe/Escritorio/SIGEN/SIGEN/vendor/symfony/console/Command/Command.php(255): Illuminate\\Console\\Command->execute(Object(Symfony\\Component\\Console\\Input\\ArgvInput), Object(Illuminate\\Console\\OutputStyle))
#32 /home/ricardoe/Escritorio/SIGEN/SIGEN/vendor/laravel/framework/src/Illuminate/Console/Command.php(170): Symfony\\Component\\Console\\Command\\Command->run(Object(Symfony\\Component\\Console\\Input\\ArgvInput), Object(Illuminate\\Console\\OutputStyle))
#33 /home/ricardoe/Escritorio/SIGEN/SIGEN/vendor/symfony/console/Application.php(921): Illuminate\\Console\\Command->run(Object(Symfony\\Component\\Console\\Input\\ArgvInput), Object(Symfony\\Component\\Console\\Output\\ConsoleOutput))
#34 /home/ricardoe/Escritorio/SIGEN/SIGEN/vendor/symfony/console/Application.php(273): Symfony\\Component\\Console\\Application->doRunCommand(Object(Illuminate\\Database\\Console\\Migrations\\RefreshCommand), Object(Symfony\\Component\\Console\\Input\\ArgvInput), Object(Symfony\\Component\\Console\\Output\\ConsoleOutput))
#35 /home/ricardoe/Escritorio/SIGEN/SIGEN/vendor/symfony/console/Application.php(149): Symfony\\Component\\Console\\Application->doRun(Object(Symfony\\Component\\Console\\Input\\ArgvInput), Object(Symfony\\Component\\Console\\Output\\ConsoleOutput))
#36 /home/ricardoe/Escritorio/SIGEN/SIGEN/vendor/laravel/framework/src/Illuminate/Console/Application.php(90): Symfony\\Component\\Console\\Application->run(Object(Symfony\\Component\\Console\\Input\\ArgvInput), Object(Symfony\\Component\\Console\\Output\\ConsoleOutput))
#37 /home/ricardoe/Escritorio/SIGEN/SIGEN/vendor/laravel/framework/src/Illuminate/Foundation/Console/Kernel.php(133): Illuminate\\Console\\Application->run(Object(Symfony\\Component\\Console\\Input\\ArgvInput), Object(Symfony\\Component\\Console\\Output\\ConsoleOutput))
#38 /home/ricardoe/Escritorio/SIGEN/SIGEN/artisan(37): Illuminate\\Foundation\\Console\\Kernel->handle(Object(Symfony\\Component\\Console\\Input\\ArgvInput), Object(Symfony\\Component\\Console\\Output\\ConsoleOutput))
#39 {main}
"} 
[2019-09-06 04:45:21] local.ERROR: SQLSTATE[23000]: Integrity constraint violation: 1451 Cannot delete or update a parent row: a foreign key constraint fails (`sigen`.`clave_area_pregunta_estudiantes`, CONSTRAINT `clave_area_pregunta_estudiantes_pregunta_id_foreign` FOREIGN KEY (`pregunta_id`) REFERENCES `pregunta` (`id`)) (SQL: delete from `grupo_emparejamiento` where `id` = 8) {"userId":4,"exception":"[object] (Illuminate\\Database\\QueryException(code: 23000): SQLSTATE[23000]: Integrity constraint violation: 1451 Cannot delete or update a parent row: a foreign key constraint fails (`sigen`.`clave_area_pregunta_estudiantes`, CONSTRAINT `clave_area_pregunta_estudiantes_pregunta_id_foreign` FOREIGN KEY (`pregunta_id`) REFERENCES `pregunta` (`id`)) (SQL: delete from `grupo_emparejamiento` where `id` = 8) at /home/ricardoe/Escritorio/SIGEN/SIGEN/vendor/laravel/framework/src/Illuminate/Database/Connection.php:664, PDOException(code: 23000): SQLSTATE[23000]: Integrity constraint violation: 1451 Cannot delete or update a parent row: a foreign key constraint fails (`sigen`.`clave_area_pregunta_estudiantes`, CONSTRAINT `clave_area_pregunta_estudiantes_pregunta_id_foreign` FOREIGN KEY (`pregunta_id`) REFERENCES `pregunta` (`id`)) at /home/ricardoe/Escritorio/SIGEN/SIGEN/vendor/laravel/framework/src/Illuminate/Database/Connection.php:483)
[stacktrace]
#0 /home/ricardoe/Escritorio/SIGEN/SIGEN/vendor/laravel/framework/src/Illuminate/Database/Connection.php(624): Illuminate\\Database\\Connection->runQueryCallback('delete from `gr...', Array, Object(Closure))
#1 /home/ricardoe/Escritorio/SIGEN/SIGEN/vendor/laravel/framework/src/Illuminate/Database/Connection.php(490): Illuminate\\Database\\Connection->run('delete from `gr...', Array, Object(Closure))
#2 /home/ricardoe/Escritorio/SIGEN/SIGEN/vendor/laravel/framework/src/Illuminate/Database/Connection.php(435): Illuminate\\Database\\Connection->affectingStatement('delete from `gr...', Array)
#3 /home/ricardoe/Escritorio/SIGEN/SIGEN/vendor/laravel/framework/src/Illuminate/Database/Query/Builder.php(2771): Illuminate\\Database\\Connection->delete('delete from `gr...', Array)
#4 /home/ricardoe/Escritorio/SIGEN/SIGEN/vendor/laravel/framework/src/Illuminate/Database/Eloquent/Builder.php(895): Illuminate\\Database\\Query\\Builder->delete()
#5 /home/ricardoe/Escritorio/SIGEN/SIGEN/vendor/laravel/framework/src/Illuminate/Database/Eloquent/Model.php(935): Illuminate\\Database\\Eloquent\\Builder->delete()
#6 /home/ricardoe/Escritorio/SIGEN/SIGEN/vendor/laravel/framework/src/Illuminate/Database/Eloquent/Model.php(906): Illuminate\\Database\\Eloquent\\Model->performDeleteOnModel()
#7 /home/ricardoe/Escritorio/SIGEN/SIGEN/app/Http/Controllers/PreguntaController.php(162): Illuminate\\Database\\Eloquent\\Model->delete()
#8 [internal function]: App\\Http\\Controllers\\PreguntaController->destroy(Object(Illuminate\\Http\\Request), '8', '2')
#9 /home/ricardoe/Escritorio/SIGEN/SIGEN/vendor/laravel/framework/src/Illuminate/Routing/Controller.php(54): call_user_func_array(Array, Array)
#10 /home/ricardoe/Escritorio/SIGEN/SIGEN/vendor/laravel/framework/src/Illuminate/Routing/ControllerDispatcher.php(45): Illuminate\\Routing\\Controller->callAction('destroy', Array)
#11 /home/ricardoe/Escritorio/SIGEN/SIGEN/vendor/laravel/framework/src/Illuminate/Routing/Route.php(219): Illuminate\\Routing\\ControllerDispatcher->dispatch(Object(Illuminate\\Routing\\Route), Object(App\\Http\\Controllers\\PreguntaController), 'destroy')
#12 /home/ricardoe/Escritorio/SIGEN/SIGEN/vendor/laravel/framework/src/Illuminate/Routing/Route.php(176): Illuminate\\Routing\\Route->runController()
#13 /home/ricardoe/Escritorio/SIGEN/SIGEN/vendor/laravel/framework/src/Illuminate/Routing/Router.php(680): Illuminate\\Routing\\Route->run()
#14 /home/ricardoe/Escritorio/SIGEN/SIGEN/vendor/laravel/framework/src/Illuminate/Routing/Pipeline.php(30): Illuminate\\Routing\\Router->Illuminate\\Routing\\{closure}(Object(Illuminate\\Http\\Request))
#15 /home/ricardoe/Escritorio/SIGEN/SIGEN/app/Http/Middleware/TeacherMiddleware.php(24): Illuminate\\Routing\\Pipeline->Illuminate\\Routing\\{closure}(Object(Illuminate\\Http\\Request))
#16 /home/ricardoe/Escritorio/SIGEN/SIGEN/vendor/laravel/framework/src/Illuminate/Pipeline/Pipeline.php(163): App\\Http\\Middleware\\TeacherMiddleware->handle(Object(Illuminate\\Http\\Request), Object(Closure))
#17 /home/ricardoe/Escritorio/SIGEN/SIGEN/vendor/laravel/framework/src/Illuminate/Routing/Pipeline.php(53): Illuminate\\Pipeline\\Pipeline->Illuminate\\Pipeline\\{closure}(Object(Illuminate\\Http\\Request))
#18 /home/ricardoe/Escritorio/SIGEN/SIGEN/vendor/laravel/framework/src/Illuminate/Routing/Middleware/SubstituteBindings.php(41): Illuminate\\Routing\\Pipeline->Illuminate\\Routing\\{closure}(Object(Illuminate\\Http\\Request))
#19 /home/ricardoe/Escritorio/SIGEN/SIGEN/vendor/laravel/framework/src/Illuminate/Pipeline/Pipeline.php(163): Illuminate\\Routing\\Middleware\\SubstituteBindings->handle(Object(Illuminate\\Http\\Request), Object(Closure))
#20 /home/ricardoe/Escritorio/SIGEN/SIGEN/vendor/laravel/framework/src/Illuminate/Routing/Pipeline.php(53): Illuminate\\Pipeline\\Pipeline->Illuminate\\Pipeline\\{closure}(Object(Illuminate\\Http\\Request))
#21 /home/ricardoe/Escritorio/SIGEN/SIGEN/vendor/laravel/framework/src/Illuminate/Foundation/Http/Middleware/VerifyCsrfToken.php(75): Illuminate\\Routing\\Pipeline->Illuminate\\Routing\\{closure}(Object(Illuminate\\Http\\Request))
#22 /home/ricardoe/Escritorio/SIGEN/SIGEN/vendor/laravel/framework/src/Illuminate/Pipeline/Pipeline.php(163): Illuminate\\Foundation\\Http\\Middleware\\VerifyCsrfToken->handle(Object(Illuminate\\Http\\Request), Object(Closure))
#23 /home/ricardoe/Escritorio/SIGEN/SIGEN/vendor/laravel/framework/src/Illuminate/Routing/Pipeline.php(53): Illuminate\\Pipeline\\Pipeline->Illuminate\\Pipeline\\{closure}(Object(Illuminate\\Http\\Request))
#24 /home/ricardoe/Escritorio/SIGEN/SIGEN/vendor/laravel/framework/src/Illuminate/View/Middleware/ShareErrorsFromSession.php(49): Illuminate\\Routing\\Pipeline->Illuminate\\Routing\\{closure}(Object(Illuminate\\Http\\Request))
#25 /home/ricardoe/Escritorio/SIGEN/SIGEN/vendor/laravel/framework/src/Illuminate/Pipeline/Pipeline.php(163): Illuminate\\View\\Middleware\\ShareErrorsFromSession->handle(Object(Illuminate\\Http\\Request), Object(Closure))
#26 /home/ricardoe/Escritorio/SIGEN/SIGEN/vendor/laravel/framework/src/Illuminate/Routing/Pipeline.php(53): Illuminate\\Pipeline\\Pipeline->Illuminate\\Pipeline\\{closure}(Object(Illuminate\\Http\\Request))
#27 /home/ricardoe/Escritorio/SIGEN/SIGEN/vendor/laravel/framework/src/Illuminate/Session/Middleware/StartSession.php(56): Illuminate\\Routing\\Pipeline->Illuminate\\Routing\\{closure}(Object(Illuminate\\Http\\Request))
#28 /home/ricardoe/Escritorio/SIGEN/SIGEN/vendor/laravel/framework/src/Illuminate/Pipeline/Pipeline.php(163): Illuminate\\Session\\Middleware\\StartSession->handle(Object(Illuminate\\Http\\Request), Object(Closure))
#29 /home/ricardoe/Escritorio/SIGEN/SIGEN/vendor/laravel/framework/src/Illuminate/Routing/Pipeline.php(53): Illuminate\\Pipeline\\Pipeline->Illuminate\\Pipeline\\{closure}(Object(Illuminate\\Http\\Request))
#30 /home/ricardoe/Escritorio/SIGEN/SIGEN/vendor/laravel/framework/src/Illuminate/Cookie/Middleware/AddQueuedCookiesToResponse.php(37): Illuminate\\Routing\\Pipeline->Illuminate\\Routing\\{closure}(Object(Illuminate\\Http\\Request))
#31 /home/ricardoe/Escritorio/SIGEN/SIGEN/vendor/laravel/framework/src/Illuminate/Pipeline/Pipeline.php(163): Illuminate\\Cookie\\Middleware\\AddQueuedCookiesToResponse->handle(Object(Illuminate\\Http\\Request), Object(Closure))
#32 /home/ricardoe/Escritorio/SIGEN/SIGEN/vendor/laravel/framework/src/Illuminate/Routing/Pipeline.php(53): Illuminate\\Pipeline\\Pipeline->Illuminate\\Pipeline\\{closure}(Object(Illuminate\\Http\\Request))
#33 /home/ricardoe/Escritorio/SIGEN/SIGEN/vendor/laravel/framework/src/Illuminate/Cookie/Middleware/EncryptCookies.php(66): Illuminate\\Routing\\Pipeline->Illuminate\\Routing\\{closure}(Object(Illuminate\\Http\\Request))
#34 /home/ricardoe/Escritorio/SIGEN/SIGEN/vendor/laravel/framework/src/Illuminate/Pipeline/Pipeline.php(163): Illuminate\\Cookie\\Middleware\\EncryptCookies->handle(Object(Illuminate\\Http\\Request), Object(Closure))
#35 /home/ricardoe/Escritorio/SIGEN/SIGEN/vendor/laravel/framework/src/Illuminate/Routing/Pipeline.php(53): Illuminate\\Pipeline\\Pipeline->Illuminate\\Pipeline\\{closure}(Object(Illuminate\\Http\\Request))
#36 /home/ricardoe/Escritorio/SIGEN/SIGEN/vendor/laravel/framework/src/Illuminate/Pipeline/Pipeline.php(104): Illuminate\\Routing\\Pipeline->Illuminate\\Routing\\{closure}(Object(Illuminate\\Http\\Request))
#37 /home/ricardoe/Escritorio/SIGEN/SIGEN/vendor/laravel/framework/src/Illuminate/Routing/Router.php(682): Illuminate\\Pipeline\\Pipeline->then(Object(Closure))
#38 /home/ricardoe/Escritorio/SIGEN/SIGEN/vendor/laravel/framework/src/Illuminate/Routing/Router.php(657): Illuminate\\Routing\\Router->runRouteWithinStack(Object(Illuminate\\Routing\\Route), Object(Illuminate\\Http\\Request))
#39 /home/ricardoe/Escritorio/SIGEN/SIGEN/vendor/laravel/framework/src/Illuminate/Routing/Router.php(623): Illuminate\\Routing\\Router->runRoute(Object(Illuminate\\Http\\Request), Object(Illuminate\\Routing\\Route))
#40 /home/ricardoe/Escritorio/SIGEN/SIGEN/vendor/laravel/framework/src/Illuminate/Routing/Router.php(612): Illuminate\\Routing\\Router->dispatchToRoute(Object(Illuminate\\Http\\Request))
#41 /home/ricardoe/Escritorio/SIGEN/SIGEN/vendor/laravel/framework/src/Illuminate/Foundation/Http/Kernel.php(176): Illuminate\\Routing\\Router->dispatch(Object(Illuminate\\Http\\Request))
#42 /home/ricardoe/Escritorio/SIGEN/SIGEN/vendor/laravel/framework/src/Illuminate/Routing/Pipeline.php(30): Illuminate\\Foundation\\Http\\Kernel->Illuminate\\Foundation\\Http\\{closure}(Object(Illuminate\\Http\\Request))
#43 /home/ricardoe/Escritorio/SIGEN/SIGEN/vendor/fideloper/proxy/src/TrustProxies.php(57): Illuminate\\Routing\\Pipeline->Illuminate\\Routing\\{closure}(Object(Illuminate\\Http\\Request))
#44 /home/ricardoe/Escritorio/SIGEN/SIGEN/vendor/laravel/framework/src/Illuminate/Pipeline/Pipeline.php(163): Fideloper\\Proxy\\TrustProxies->handle(Object(Illuminate\\Http\\Request), Object(Closure))
#45 /home/ricardoe/Escritorio/SIGEN/SIGEN/vendor/laravel/framework/src/Illuminate/Routing/Pipeline.php(53): Illuminate\\Pipeline\\Pipeline->Illuminate\\Pipeline\\{closure}(Object(Illuminate\\Http\\Request))
#46 /home/ricardoe/Escritorio/SIGEN/SIGEN/vendor/laravel/framework/src/Illuminate/Foundation/Http/Middleware/TransformsRequest.php(21): Illuminate\\Routing\\Pipeline->Illuminate\\Routing\\{closure}(Object(Illuminate\\Http\\Request))
#47 /home/ricardoe/Escritorio/SIGEN/SIGEN/vendor/laravel/framework/src/Illuminate/Pipeline/Pipeline.php(163): Illuminate\\Foundation\\Http\\Middleware\\TransformsRequest->handle(Object(Illuminate\\Http\\Request), Object(Closure))
#48 /home/ricardoe/Escritorio/SIGEN/SIGEN/vendor/laravel/framework/src/Illuminate/Routing/Pipeline.php(53): Illuminate\\Pipeline\\Pipeline->Illuminate\\Pipeline\\{closure}(Object(Illuminate\\Http\\Request))
#49 /home/ricardoe/Escritorio/SIGEN/SIGEN/vendor/laravel/framework/src/Illuminate/Foundation/Http/Middleware/TransformsRequest.php(21): Illuminate\\Routing\\Pipeline->Illuminate\\Routing\\{closure}(Object(Illuminate\\Http\\Request))
#50 /home/ricardoe/Escritorio/SIGEN/SIGEN/vendor/laravel/framework/src/Illuminate/Pipeline/Pipeline.php(163): Illuminate\\Foundation\\Http\\Middleware\\TransformsRequest->handle(Object(Illuminate\\Http\\Request), Object(Closure))
#51 /home/ricardoe/Escritorio/SIGEN/SIGEN/vendor/laravel/framework/src/Illuminate/Routing/Pipeline.php(53): Illuminate\\Pipeline\\Pipeline->Illuminate\\Pipeline\\{closure}(Object(Illuminate\\Http\\Request))
#52 /home/ricardoe/Escritorio/SIGEN/SIGEN/vendor/laravel/framework/src/Illuminate/Foundation/Http/Middleware/ValidatePostSize.php(27): Illuminate\\Routing\\Pipeline->Illuminate\\Routing\\{closure}(Object(Illuminate\\Http\\Request))
#53 /home/ricardoe/Escritorio/SIGEN/SIGEN/vendor/laravel/framework/src/Illuminate/Pipeline/Pipeline.php(163): Illuminate\\Foundation\\Http\\Middleware\\ValidatePostSize->handle(Object(Illuminate\\Http\\Request), Object(Closure))
#54 /home/ricardoe/Escritorio/SIGEN/SIGEN/vendor/laravel/framework/src/Illuminate/Routing/Pipeline.php(53): Illuminate\\Pipeline\\Pipeline->Illuminate\\Pipeline\\{closure}(Object(Illuminate\\Http\\Request))
#55 /home/ricardoe/Escritorio/SIGEN/SIGEN/vendor/laravel/framework/src/Illuminate/Foundation/Http/Middleware/CheckForMaintenanceMode.php(62): Illuminate\\Routing\\Pipeline->Illuminate\\Routing\\{closure}(Object(Illuminate\\Http\\Request))
#56 /home/ricardoe/Escritorio/SIGEN/SIGEN/vendor/laravel/framework/src/Illuminate/Pipeline/Pipeline.php(163): Illuminate\\Foundation\\Http\\Middleware\\CheckForMaintenanceMode->handle(Object(Illuminate\\Http\\Request), Object(Closure))
#57 /home/ricardoe/Escritorio/SIGEN/SIGEN/vendor/laravel/framework/src/Illuminate/Routing/Pipeline.php(53): Illuminate\\Pipeline\\Pipeline->Illuminate\\Pipeline\\{closure}(Object(Illuminate\\Http\\Request))
#58 /home/ricardoe/Escritorio/SIGEN/SIGEN/vendor/laravel/framework/src/Illuminate/Pipeline/Pipeline.php(104): Illuminate\\Routing\\Pipeline->Illuminate\\Routing\\{closure}(Object(Illuminate\\Http\\Request))
#59 /home/ricardoe/Escritorio/SIGEN/SIGEN/vendor/laravel/framework/src/Illuminate/Foundation/Http/Kernel.php(151): Illuminate\\Pipeline\\Pipeline->then(Object(Closure))
#60 /home/ricardoe/Escritorio/SIGEN/SIGEN/vendor/laravel/framework/src/Illuminate/Foundation/Http/Kernel.php(116): Illuminate\\Foundation\\Http\\Kernel->sendRequestThroughRouter(Object(Illuminate\\Http\\Request))
#61 /home/ricardoe/Escritorio/SIGEN/SIGEN/public/index.php(55): Illuminate\\Foundation\\Http\\Kernel->handle(Object(Illuminate\\Http\\Request))
#62 /home/ricardoe/Escritorio/SIGEN/SIGEN/server.php(21): require_once('/home/ricardoe/...')
#63 {main}
"} 
[2019-09-06 04:45:38] local.ERROR: SQLSTATE[23000]: Integrity constraint violation: 1451 Cannot delete or update a parent row: a foreign key constraint fails (`sigen`.`clave_area_pregunta_estudiantes`, CONSTRAINT `clave_area_pregunta_estudiantes_pregunta_id_foreign` FOREIGN KEY (`pregunta_id`) REFERENCES `pregunta` (`id`)) (SQL: delete from `grupo_emparejamiento` where `id` = 8) {"userId":4,"exception":"[object] (Illuminate\\Database\\QueryException(code: 23000): SQLSTATE[23000]: Integrity constraint violation: 1451 Cannot delete or update a parent row: a foreign key constraint fails (`sigen`.`clave_area_pregunta_estudiantes`, CONSTRAINT `clave_area_pregunta_estudiantes_pregunta_id_foreign` FOREIGN KEY (`pregunta_id`) REFERENCES `pregunta` (`id`)) (SQL: delete from `grupo_emparejamiento` where `id` = 8) at /home/ricardoe/Escritorio/SIGEN/SIGEN/vendor/laravel/framework/src/Illuminate/Database/Connection.php:664, PDOException(code: 23000): SQLSTATE[23000]: Integrity constraint violation: 1451 Cannot delete or update a parent row: a foreign key constraint fails (`sigen`.`clave_area_pregunta_estudiantes`, CONSTRAINT `clave_area_pregunta_estudiantes_pregunta_id_foreign` FOREIGN KEY (`pregunta_id`) REFERENCES `pregunta` (`id`)) at /home/ricardoe/Escritorio/SIGEN/SIGEN/vendor/laravel/framework/src/Illuminate/Database/Connection.php:483)
[stacktrace]
#0 /home/ricardoe/Escritorio/SIGEN/SIGEN/vendor/laravel/framework/src/Illuminate/Database/Connection.php(624): Illuminate\\Database\\Connection->runQueryCallback('delete from `gr...', Array, Object(Closure))
#1 /home/ricardoe/Escritorio/SIGEN/SIGEN/vendor/laravel/framework/src/Illuminate/Database/Connection.php(490): Illuminate\\Database\\Connection->run('delete from `gr...', Array, Object(Closure))
#2 /home/ricardoe/Escritorio/SIGEN/SIGEN/vendor/laravel/framework/src/Illuminate/Database/Connection.php(435): Illuminate\\Database\\Connection->affectingStatement('delete from `gr...', Array)
#3 /home/ricardoe/Escritorio/SIGEN/SIGEN/vendor/laravel/framework/src/Illuminate/Database/Query/Builder.php(2771): Illuminate\\Database\\Connection->delete('delete from `gr...', Array)
#4 /home/ricardoe/Escritorio/SIGEN/SIGEN/vendor/laravel/framework/src/Illuminate/Database/Eloquent/Builder.php(895): Illuminate\\Database\\Query\\Builder->delete()
#5 /home/ricardoe/Escritorio/SIGEN/SIGEN/vendor/laravel/framework/src/Illuminate/Database/Eloquent/Model.php(935): Illuminate\\Database\\Eloquent\\Builder->delete()
#6 /home/ricardoe/Escritorio/SIGEN/SIGEN/vendor/laravel/framework/src/Illuminate/Database/Eloquent/Model.php(906): Illuminate\\Database\\Eloquent\\Model->performDeleteOnModel()
#7 /home/ricardoe/Escritorio/SIGEN/SIGEN/app/Http/Controllers/PreguntaController.php(162): Illuminate\\Database\\Eloquent\\Model->delete()
#8 [internal function]: App\\Http\\Controllers\\PreguntaController->destroy(Object(Illuminate\\Http\\Request), '8', '2')
#9 /home/ricardoe/Escritorio/SIGEN/SIGEN/vendor/laravel/framework/src/Illuminate/Routing/Controller.php(54): call_user_func_array(Array, Array)
#10 /home/ricardoe/Escritorio/SIGEN/SIGEN/vendor/laravel/framework/src/Illuminate/Routing/ControllerDispatcher.php(45): Illuminate\\Routing\\Controller->callAction('destroy', Array)
#11 /home/ricardoe/Escritorio/SIGEN/SIGEN/vendor/laravel/framework/src/Illuminate/Routing/Route.php(219): Illuminate\\Routing\\ControllerDispatcher->dispatch(Object(Illuminate\\Routing\\Route), Object(App\\Http\\Controllers\\PreguntaController), 'destroy')
#12 /home/ricardoe/Escritorio/SIGEN/SIGEN/vendor/laravel/framework/src/Illuminate/Routing/Route.php(176): Illuminate\\Routing\\Route->runController()
#13 /home/ricardoe/Escritorio/SIGEN/SIGEN/vendor/laravel/framework/src/Illuminate/Routing/Router.php(680): Illuminate\\Routing\\Route->run()
#14 /home/ricardoe/Escritorio/SIGEN/SIGEN/vendor/laravel/framework/src/Illuminate/Routing/Pipeline.php(30): Illuminate\\Routing\\Router->Illuminate\\Routing\\{closure}(Object(Illuminate\\Http\\Request))
#15 /home/ricardoe/Escritorio/SIGEN/SIGEN/app/Http/Middleware/TeacherMiddleware.php(24): Illuminate\\Routing\\Pipeline->Illuminate\\Routing\\{closure}(Object(Illuminate\\Http\\Request))
#16 /home/ricardoe/Escritorio/SIGEN/SIGEN/vendor/laravel/framework/src/Illuminate/Pipeline/Pipeline.php(163): App\\Http\\Middleware\\TeacherMiddleware->handle(Object(Illuminate\\Http\\Request), Object(Closure))
#17 /home/ricardoe/Escritorio/SIGEN/SIGEN/vendor/laravel/framework/src/Illuminate/Routing/Pipeline.php(53): Illuminate\\Pipeline\\Pipeline->Illuminate\\Pipeline\\{closure}(Object(Illuminate\\Http\\Request))
#18 /home/ricardoe/Escritorio/SIGEN/SIGEN/vendor/laravel/framework/src/Illuminate/Routing/Middleware/SubstituteBindings.php(41): Illuminate\\Routing\\Pipeline->Illuminate\\Routing\\{closure}(Object(Illuminate\\Http\\Request))
#19 /home/ricardoe/Escritorio/SIGEN/SIGEN/vendor/laravel/framework/src/Illuminate/Pipeline/Pipeline.php(163): Illuminate\\Routing\\Middleware\\SubstituteBindings->handle(Object(Illuminate\\Http\\Request), Object(Closure))
#20 /home/ricardoe/Escritorio/SIGEN/SIGEN/vendor/laravel/framework/src/Illuminate/Routing/Pipeline.php(53): Illuminate\\Pipeline\\Pipeline->Illuminate\\Pipeline\\{closure}(Object(Illuminate\\Http\\Request))
#21 /home/ricardoe/Escritorio/SIGEN/SIGEN/vendor/laravel/framework/src/Illuminate/Foundation/Http/Middleware/VerifyCsrfToken.php(75): Illuminate\\Routing\\Pipeline->Illuminate\\Routing\\{closure}(Object(Illuminate\\Http\\Request))
#22 /home/ricardoe/Escritorio/SIGEN/SIGEN/vendor/laravel/framework/src/Illuminate/Pipeline/Pipeline.php(163): Illuminate\\Foundation\\Http\\Middleware\\VerifyCsrfToken->handle(Object(Illuminate\\Http\\Request), Object(Closure))
#23 /home/ricardoe/Escritorio/SIGEN/SIGEN/vendor/laravel/framework/src/Illuminate/Routing/Pipeline.php(53): Illuminate\\Pipeline\\Pipeline->Illuminate\\Pipeline\\{closure}(Object(Illuminate\\Http\\Request))
#24 /home/ricardoe/Escritorio/SIGEN/SIGEN/vendor/laravel/framework/src/Illuminate/View/Middleware/ShareErrorsFromSession.php(49): Illuminate\\Routing\\Pipeline->Illuminate\\Routing\\{closure}(Object(Illuminate\\Http\\Request))
#25 /home/ricardoe/Escritorio/SIGEN/SIGEN/vendor/laravel/framework/src/Illuminate/Pipeline/Pipeline.php(163): Illuminate\\View\\Middleware\\ShareErrorsFromSession->handle(Object(Illuminate\\Http\\Request), Object(Closure))
#26 /home/ricardoe/Escritorio/SIGEN/SIGEN/vendor/laravel/framework/src/Illuminate/Routing/Pipeline.php(53): Illuminate\\Pipeline\\Pipeline->Illuminate\\Pipeline\\{closure}(Object(Illuminate\\Http\\Request))
#27 /home/ricardoe/Escritorio/SIGEN/SIGEN/vendor/laravel/framework/src/Illuminate/Session/Middleware/StartSession.php(56): Illuminate\\Routing\\Pipeline->Illuminate\\Routing\\{closure}(Object(Illuminate\\Http\\Request))
#28 /home/ricardoe/Escritorio/SIGEN/SIGEN/vendor/laravel/framework/src/Illuminate/Pipeline/Pipeline.php(163): Illuminate\\Session\\Middleware\\StartSession->handle(Object(Illuminate\\Http\\Request), Object(Closure))
#29 /home/ricardoe/Escritorio/SIGEN/SIGEN/vendor/laravel/framework/src/Illuminate/Routing/Pipeline.php(53): Illuminate\\Pipeline\\Pipeline->Illuminate\\Pipeline\\{closure}(Object(Illuminate\\Http\\Request))
#30 /home/ricardoe/Escritorio/SIGEN/SIGEN/vendor/laravel/framework/src/Illuminate/Cookie/Middleware/AddQueuedCookiesToResponse.php(37): Illuminate\\Routing\\Pipeline->Illuminate\\Routing\\{closure}(Object(Illuminate\\Http\\Request))
#31 /home/ricardoe/Escritorio/SIGEN/SIGEN/vendor/laravel/framework/src/Illuminate/Pipeline/Pipeline.php(163): Illuminate\\Cookie\\Middleware\\AddQueuedCookiesToResponse->handle(Object(Illuminate\\Http\\Request), Object(Closure))
#32 /home/ricardoe/Escritorio/SIGEN/SIGEN/vendor/laravel/framework/src/Illuminate/Routing/Pipeline.php(53): Illuminate\\Pipeline\\Pipeline->Illuminate\\Pipeline\\{closure}(Object(Illuminate\\Http\\Request))
#33 /home/ricardoe/Escritorio/SIGEN/SIGEN/vendor/laravel/framework/src/Illuminate/Cookie/Middleware/EncryptCookies.php(66): Illuminate\\Routing\\Pipeline->Illuminate\\Routing\\{closure}(Object(Illuminate\\Http\\Request))
#34 /home/ricardoe/Escritorio/SIGEN/SIGEN/vendor/laravel/framework/src/Illuminate/Pipeline/Pipeline.php(163): Illuminate\\Cookie\\Middleware\\EncryptCookies->handle(Object(Illuminate\\Http\\Request), Object(Closure))
#35 /home/ricardoe/Escritorio/SIGEN/SIGEN/vendor/laravel/framework/src/Illuminate/Routing/Pipeline.php(53): Illuminate\\Pipeline\\Pipeline->Illuminate\\Pipeline\\{closure}(Object(Illuminate\\Http\\Request))
#36 /home/ricardoe/Escritorio/SIGEN/SIGEN/vendor/laravel/framework/src/Illuminate/Pipeline/Pipeline.php(104): Illuminate\\Routing\\Pipeline->Illuminate\\Routing\\{closure}(Object(Illuminate\\Http\\Request))
#37 /home/ricardoe/Escritorio/SIGEN/SIGEN/vendor/laravel/framework/src/Illuminate/Routing/Router.php(682): Illuminate\\Pipeline\\Pipeline->then(Object(Closure))
#38 /home/ricardoe/Escritorio/SIGEN/SIGEN/vendor/laravel/framework/src/Illuminate/Routing/Router.php(657): Illuminate\\Routing\\Router->runRouteWithinStack(Object(Illuminate\\Routing\\Route), Object(Illuminate\\Http\\Request))
#39 /home/ricardoe/Escritorio/SIGEN/SIGEN/vendor/laravel/framework/src/Illuminate/Routing/Router.php(623): Illuminate\\Routing\\Router->runRoute(Object(Illuminate\\Http\\Request), Object(Illuminate\\Routing\\Route))
#40 /home/ricardoe/Escritorio/SIGEN/SIGEN/vendor/laravel/framework/src/Illuminate/Routing/Router.php(612): Illuminate\\Routing\\Router->dispatchToRoute(Object(Illuminate\\Http\\Request))
#41 /home/ricardoe/Escritorio/SIGEN/SIGEN/vendor/laravel/framework/src/Illuminate/Foundation/Http/Kernel.php(176): Illuminate\\Routing\\Router->dispatch(Object(Illuminate\\Http\\Request))
#42 /home/ricardoe/Escritorio/SIGEN/SIGEN/vendor/laravel/framework/src/Illuminate/Routing/Pipeline.php(30): Illuminate\\Foundation\\Http\\Kernel->Illuminate\\Foundation\\Http\\{closure}(Object(Illuminate\\Http\\Request))
#43 /home/ricardoe/Escritorio/SIGEN/SIGEN/vendor/fideloper/proxy/src/TrustProxies.php(57): Illuminate\\Routing\\Pipeline->Illuminate\\Routing\\{closure}(Object(Illuminate\\Http\\Request))
#44 /home/ricardoe/Escritorio/SIGEN/SIGEN/vendor/laravel/framework/src/Illuminate/Pipeline/Pipeline.php(163): Fideloper\\Proxy\\TrustProxies->handle(Object(Illuminate\\Http\\Request), Object(Closure))
#45 /home/ricardoe/Escritorio/SIGEN/SIGEN/vendor/laravel/framework/src/Illuminate/Routing/Pipeline.php(53): Illuminate\\Pipeline\\Pipeline->Illuminate\\Pipeline\\{closure}(Object(Illuminate\\Http\\Request))
#46 /home/ricardoe/Escritorio/SIGEN/SIGEN/vendor/laravel/framework/src/Illuminate/Foundation/Http/Middleware/TransformsRequest.php(21): Illuminate\\Routing\\Pipeline->Illuminate\\Routing\\{closure}(Object(Illuminate\\Http\\Request))
#47 /home/ricardoe/Escritorio/SIGEN/SIGEN/vendor/laravel/framework/src/Illuminate/Pipeline/Pipeline.php(163): Illuminate\\Foundation\\Http\\Middleware\\TransformsRequest->handle(Object(Illuminate\\Http\\Request), Object(Closure))
#48 /home/ricardoe/Escritorio/SIGEN/SIGEN/vendor/laravel/framework/src/Illuminate/Routing/Pipeline.php(53): Illuminate\\Pipeline\\Pipeline->Illuminate\\Pipeline\\{closure}(Object(Illuminate\\Http\\Request))
#49 /home/ricardoe/Escritorio/SIGEN/SIGEN/vendor/laravel/framework/src/Illuminate/Foundation/Http/Middleware/TransformsRequest.php(21): Illuminate\\Routing\\Pipeline->Illuminate\\Routing\\{closure}(Object(Illuminate\\Http\\Request))
#50 /home/ricardoe/Escritorio/SIGEN/SIGEN/vendor/laravel/framework/src/Illuminate/Pipeline/Pipeline.php(163): Illuminate\\Foundation\\Http\\Middleware\\TransformsRequest->handle(Object(Illuminate\\Http\\Request), Object(Closure))
#51 /home/ricardoe/Escritorio/SIGEN/SIGEN/vendor/laravel/framework/src/Illuminate/Routing/Pipeline.php(53): Illuminate\\Pipeline\\Pipeline->Illuminate\\Pipeline\\{closure}(Object(Illuminate\\Http\\Request))
#52 /home/ricardoe/Escritorio/SIGEN/SIGEN/vendor/laravel/framework/src/Illuminate/Foundation/Http/Middleware/ValidatePostSize.php(27): Illuminate\\Routing\\Pipeline->Illuminate\\Routing\\{closure}(Object(Illuminate\\Http\\Request))
#53 /home/ricardoe/Escritorio/SIGEN/SIGEN/vendor/laravel/framework/src/Illuminate/Pipeline/Pipeline.php(163): Illuminate\\Foundation\\Http\\Middleware\\ValidatePostSize->handle(Object(Illuminate\\Http\\Request), Object(Closure))
#54 /home/ricardoe/Escritorio/SIGEN/SIGEN/vendor/laravel/framework/src/Illuminate/Routing/Pipeline.php(53): Illuminate\\Pipeline\\Pipeline->Illuminate\\Pipeline\\{closure}(Object(Illuminate\\Http\\Request))
#55 /home/ricardoe/Escritorio/SIGEN/SIGEN/vendor/laravel/framework/src/Illuminate/Foundation/Http/Middleware/CheckForMaintenanceMode.php(62): Illuminate\\Routing\\Pipeline->Illuminate\\Routing\\{closure}(Object(Illuminate\\Http\\Request))
#56 /home/ricardoe/Escritorio/SIGEN/SIGEN/vendor/laravel/framework/src/Illuminate/Pipeline/Pipeline.php(163): Illuminate\\Foundation\\Http\\Middleware\\CheckForMaintenanceMode->handle(Object(Illuminate\\Http\\Request), Object(Closure))
#57 /home/ricardoe/Escritorio/SIGEN/SIGEN/vendor/laravel/framework/src/Illuminate/Routing/Pipeline.php(53): Illuminate\\Pipeline\\Pipeline->Illuminate\\Pipeline\\{closure}(Object(Illuminate\\Http\\Request))
#58 /home/ricardoe/Escritorio/SIGEN/SIGEN/vendor/laravel/framework/src/Illuminate/Pipeline/Pipeline.php(104): Illuminate\\Routing\\Pipeline->Illuminate\\Routing\\{closure}(Object(Illuminate\\Http\\Request))
#59 /home/ricardoe/Escritorio/SIGEN/SIGEN/vendor/laravel/framework/src/Illuminate/Foundation/Http/Kernel.php(151): Illuminate\\Pipeline\\Pipeline->then(Object(Closure))
#60 /home/ricardoe/Escritorio/SIGEN/SIGEN/vendor/laravel/framework/src/Illuminate/Foundation/Http/Kernel.php(116): Illuminate\\Foundation\\Http\\Kernel->sendRequestThroughRouter(Object(Illuminate\\Http\\Request))
#61 /home/ricardoe/Escritorio/SIGEN/SIGEN/public/index.php(55): Illuminate\\Foundation\\Http\\Kernel->handle(Object(Illuminate\\Http\\Request))
#62 /home/ricardoe/Escritorio/SIGEN/SIGEN/server.php(21): require_once('/home/ricardoe/...')
#63 {main}
"} 
[2019-09-06 04:51:41] local.ERROR: SQLSTATE[23000]: Integrity constraint violation: 1451 Cannot delete or update a parent row: a foreign key constraint fails (`sigen`.`clave_area_pregunta_estudiantes`, CONSTRAINT `clave_area_pregunta_estudiantes_pregunta_id_foreign` FOREIGN KEY (`pregunta_id`) REFERENCES `pregunta` (`id`)) (SQL: delete from `grupo_emparejamiento` where `id` = 8) {"userId":4,"exception":"[object] (Illuminate\\Database\\QueryException(code: 23000): SQLSTATE[23000]: Integrity constraint violation: 1451 Cannot delete or update a parent row: a foreign key constraint fails (`sigen`.`clave_area_pregunta_estudiantes`, CONSTRAINT `clave_area_pregunta_estudiantes_pregunta_id_foreign` FOREIGN KEY (`pregunta_id`) REFERENCES `pregunta` (`id`)) (SQL: delete from `grupo_emparejamiento` where `id` = 8) at /home/ricardoe/Escritorio/SIGEN/SIGEN/vendor/laravel/framework/src/Illuminate/Database/Connection.php:664, PDOException(code: 23000): SQLSTATE[23000]: Integrity constraint violation: 1451 Cannot delete or update a parent row: a foreign key constraint fails (`sigen`.`clave_area_pregunta_estudiantes`, CONSTRAINT `clave_area_pregunta_estudiantes_pregunta_id_foreign` FOREIGN KEY (`pregunta_id`) REFERENCES `pregunta` (`id`)) at /home/ricardoe/Escritorio/SIGEN/SIGEN/vendor/laravel/framework/src/Illuminate/Database/Connection.php:483)
[stacktrace]
#0 /home/ricardoe/Escritorio/SIGEN/SIGEN/vendor/laravel/framework/src/Illuminate/Database/Connection.php(624): Illuminate\\Database\\Connection->runQueryCallback('delete from `gr...', Array, Object(Closure))
#1 /home/ricardoe/Escritorio/SIGEN/SIGEN/vendor/laravel/framework/src/Illuminate/Database/Connection.php(490): Illuminate\\Database\\Connection->run('delete from `gr...', Array, Object(Closure))
#2 /home/ricardoe/Escritorio/SIGEN/SIGEN/vendor/laravel/framework/src/Illuminate/Database/Connection.php(435): Illuminate\\Database\\Connection->affectingStatement('delete from `gr...', Array)
#3 /home/ricardoe/Escritorio/SIGEN/SIGEN/vendor/laravel/framework/src/Illuminate/Database/Query/Builder.php(2771): Illuminate\\Database\\Connection->delete('delete from `gr...', Array)
#4 /home/ricardoe/Escritorio/SIGEN/SIGEN/vendor/laravel/framework/src/Illuminate/Database/Eloquent/Builder.php(895): Illuminate\\Database\\Query\\Builder->delete()
#5 /home/ricardoe/Escritorio/SIGEN/SIGEN/vendor/laravel/framework/src/Illuminate/Database/Eloquent/Model.php(935): Illuminate\\Database\\Eloquent\\Builder->delete()
#6 /home/ricardoe/Escritorio/SIGEN/SIGEN/vendor/laravel/framework/src/Illuminate/Database/Eloquent/Model.php(906): Illuminate\\Database\\Eloquent\\Model->performDeleteOnModel()
#7 /home/ricardoe/Escritorio/SIGEN/SIGEN/app/Http/Controllers/PreguntaController.php(162): Illuminate\\Database\\Eloquent\\Model->delete()
#8 [internal function]: App\\Http\\Controllers\\PreguntaController->destroy(Object(Illuminate\\Http\\Request), '8', '2')
#9 /home/ricardoe/Escritorio/SIGEN/SIGEN/vendor/laravel/framework/src/Illuminate/Routing/Controller.php(54): call_user_func_array(Array, Array)
#10 /home/ricardoe/Escritorio/SIGEN/SIGEN/vendor/laravel/framework/src/Illuminate/Routing/ControllerDispatcher.php(45): Illuminate\\Routing\\Controller->callAction('destroy', Array)
#11 /home/ricardoe/Escritorio/SIGEN/SIGEN/vendor/laravel/framework/src/Illuminate/Routing/Route.php(219): Illuminate\\Routing\\ControllerDispatcher->dispatch(Object(Illuminate\\Routing\\Route), Object(App\\Http\\Controllers\\PreguntaController), 'destroy')
#12 /home/ricardoe/Escritorio/SIGEN/SIGEN/vendor/laravel/framework/src/Illuminate/Routing/Route.php(176): Illuminate\\Routing\\Route->runController()
#13 /home/ricardoe/Escritorio/SIGEN/SIGEN/vendor/laravel/framework/src/Illuminate/Routing/Router.php(680): Illuminate\\Routing\\Route->run()
#14 /home/ricardoe/Escritorio/SIGEN/SIGEN/vendor/laravel/framework/src/Illuminate/Routing/Pipeline.php(30): Illuminate\\Routing\\Router->Illuminate\\Routing\\{closure}(Object(Illuminate\\Http\\Request))
#15 /home/ricardoe/Escritorio/SIGEN/SIGEN/app/Http/Middleware/TeacherMiddleware.php(24): Illuminate\\Routing\\Pipeline->Illuminate\\Routing\\{closure}(Object(Illuminate\\Http\\Request))
#16 /home/ricardoe/Escritorio/SIGEN/SIGEN/vendor/laravel/framework/src/Illuminate/Pipeline/Pipeline.php(163): App\\Http\\Middleware\\TeacherMiddleware->handle(Object(Illuminate\\Http\\Request), Object(Closure))
#17 /home/ricardoe/Escritorio/SIGEN/SIGEN/vendor/laravel/framework/src/Illuminate/Routing/Pipeline.php(53): Illuminate\\Pipeline\\Pipeline->Illuminate\\Pipeline\\{closure}(Object(Illuminate\\Http\\Request))
#18 /home/ricardoe/Escritorio/SIGEN/SIGEN/vendor/laravel/framework/src/Illuminate/Routing/Middleware/SubstituteBindings.php(41): Illuminate\\Routing\\Pipeline->Illuminate\\Routing\\{closure}(Object(Illuminate\\Http\\Request))
#19 /home/ricardoe/Escritorio/SIGEN/SIGEN/vendor/laravel/framework/src/Illuminate/Pipeline/Pipeline.php(163): Illuminate\\Routing\\Middleware\\SubstituteBindings->handle(Object(Illuminate\\Http\\Request), Object(Closure))
#20 /home/ricardoe/Escritorio/SIGEN/SIGEN/vendor/laravel/framework/src/Illuminate/Routing/Pipeline.php(53): Illuminate\\Pipeline\\Pipeline->Illuminate\\Pipeline\\{closure}(Object(Illuminate\\Http\\Request))
#21 /home/ricardoe/Escritorio/SIGEN/SIGEN/vendor/laravel/framework/src/Illuminate/Foundation/Http/Middleware/VerifyCsrfToken.php(75): Illuminate\\Routing\\Pipeline->Illuminate\\Routing\\{closure}(Object(Illuminate\\Http\\Request))
#22 /home/ricardoe/Escritorio/SIGEN/SIGEN/vendor/laravel/framework/src/Illuminate/Pipeline/Pipeline.php(163): Illuminate\\Foundation\\Http\\Middleware\\VerifyCsrfToken->handle(Object(Illuminate\\Http\\Request), Object(Closure))
#23 /home/ricardoe/Escritorio/SIGEN/SIGEN/vendor/laravel/framework/src/Illuminate/Routing/Pipeline.php(53): Illuminate\\Pipeline\\Pipeline->Illuminate\\Pipeline\\{closure}(Object(Illuminate\\Http\\Request))
#24 /home/ricardoe/Escritorio/SIGEN/SIGEN/vendor/laravel/framework/src/Illuminate/View/Middleware/ShareErrorsFromSession.php(49): Illuminate\\Routing\\Pipeline->Illuminate\\Routing\\{closure}(Object(Illuminate\\Http\\Request))
#25 /home/ricardoe/Escritorio/SIGEN/SIGEN/vendor/laravel/framework/src/Illuminate/Pipeline/Pipeline.php(163): Illuminate\\View\\Middleware\\ShareErrorsFromSession->handle(Object(Illuminate\\Http\\Request), Object(Closure))
#26 /home/ricardoe/Escritorio/SIGEN/SIGEN/vendor/laravel/framework/src/Illuminate/Routing/Pipeline.php(53): Illuminate\\Pipeline\\Pipeline->Illuminate\\Pipeline\\{closure}(Object(Illuminate\\Http\\Request))
#27 /home/ricardoe/Escritorio/SIGEN/SIGEN/vendor/laravel/framework/src/Illuminate/Session/Middleware/StartSession.php(56): Illuminate\\Routing\\Pipeline->Illuminate\\Routing\\{closure}(Object(Illuminate\\Http\\Request))
#28 /home/ricardoe/Escritorio/SIGEN/SIGEN/vendor/laravel/framework/src/Illuminate/Pipeline/Pipeline.php(163): Illuminate\\Session\\Middleware\\StartSession->handle(Object(Illuminate\\Http\\Request), Object(Closure))
#29 /home/ricardoe/Escritorio/SIGEN/SIGEN/vendor/laravel/framework/src/Illuminate/Routing/Pipeline.php(53): Illuminate\\Pipeline\\Pipeline->Illuminate\\Pipeline\\{closure}(Object(Illuminate\\Http\\Request))
#30 /home/ricardoe/Escritorio/SIGEN/SIGEN/vendor/laravel/framework/src/Illuminate/Cookie/Middleware/AddQueuedCookiesToResponse.php(37): Illuminate\\Routing\\Pipeline->Illuminate\\Routing\\{closure}(Object(Illuminate\\Http\\Request))
#31 /home/ricardoe/Escritorio/SIGEN/SIGEN/vendor/laravel/framework/src/Illuminate/Pipeline/Pipeline.php(163): Illuminate\\Cookie\\Middleware\\AddQueuedCookiesToResponse->handle(Object(Illuminate\\Http\\Request), Object(Closure))
#32 /home/ricardoe/Escritorio/SIGEN/SIGEN/vendor/laravel/framework/src/Illuminate/Routing/Pipeline.php(53): Illuminate\\Pipeline\\Pipeline->Illuminate\\Pipeline\\{closure}(Object(Illuminate\\Http\\Request))
#33 /home/ricardoe/Escritorio/SIGEN/SIGEN/vendor/laravel/framework/src/Illuminate/Cookie/Middleware/EncryptCookies.php(66): Illuminate\\Routing\\Pipeline->Illuminate\\Routing\\{closure}(Object(Illuminate\\Http\\Request))
#34 /home/ricardoe/Escritorio/SIGEN/SIGEN/vendor/laravel/framework/src/Illuminate/Pipeline/Pipeline.php(163): Illuminate\\Cookie\\Middleware\\EncryptCookies->handle(Object(Illuminate\\Http\\Request), Object(Closure))
#35 /home/ricardoe/Escritorio/SIGEN/SIGEN/vendor/laravel/framework/src/Illuminate/Routing/Pipeline.php(53): Illuminate\\Pipeline\\Pipeline->Illuminate\\Pipeline\\{closure}(Object(Illuminate\\Http\\Request))
#36 /home/ricardoe/Escritorio/SIGEN/SIGEN/vendor/laravel/framework/src/Illuminate/Pipeline/Pipeline.php(104): Illuminate\\Routing\\Pipeline->Illuminate\\Routing\\{closure}(Object(Illuminate\\Http\\Request))
#37 /home/ricardoe/Escritorio/SIGEN/SIGEN/vendor/laravel/framework/src/Illuminate/Routing/Router.php(682): Illuminate\\Pipeline\\Pipeline->then(Object(Closure))
#38 /home/ricardoe/Escritorio/SIGEN/SIGEN/vendor/laravel/framework/src/Illuminate/Routing/Router.php(657): Illuminate\\Routing\\Router->runRouteWithinStack(Object(Illuminate\\Routing\\Route), Object(Illuminate\\Http\\Request))
#39 /home/ricardoe/Escritorio/SIGEN/SIGEN/vendor/laravel/framework/src/Illuminate/Routing/Router.php(623): Illuminate\\Routing\\Router->runRoute(Object(Illuminate\\Http\\Request), Object(Illuminate\\Routing\\Route))
#40 /home/ricardoe/Escritorio/SIGEN/SIGEN/vendor/laravel/framework/src/Illuminate/Routing/Router.php(612): Illuminate\\Routing\\Router->dispatchToRoute(Object(Illuminate\\Http\\Request))
#41 /home/ricardoe/Escritorio/SIGEN/SIGEN/vendor/laravel/framework/src/Illuminate/Foundation/Http/Kernel.php(176): Illuminate\\Routing\\Router->dispatch(Object(Illuminate\\Http\\Request))
#42 /home/ricardoe/Escritorio/SIGEN/SIGEN/vendor/laravel/framework/src/Illuminate/Routing/Pipeline.php(30): Illuminate\\Foundation\\Http\\Kernel->Illuminate\\Foundation\\Http\\{closure}(Object(Illuminate\\Http\\Request))
#43 /home/ricardoe/Escritorio/SIGEN/SIGEN/vendor/fideloper/proxy/src/TrustProxies.php(57): Illuminate\\Routing\\Pipeline->Illuminate\\Routing\\{closure}(Object(Illuminate\\Http\\Request))
#44 /home/ricardoe/Escritorio/SIGEN/SIGEN/vendor/laravel/framework/src/Illuminate/Pipeline/Pipeline.php(163): Fideloper\\Proxy\\TrustProxies->handle(Object(Illuminate\\Http\\Request), Object(Closure))
#45 /home/ricardoe/Escritorio/SIGEN/SIGEN/vendor/laravel/framework/src/Illuminate/Routing/Pipeline.php(53): Illuminate\\Pipeline\\Pipeline->Illuminate\\Pipeline\\{closure}(Object(Illuminate\\Http\\Request))
#46 /home/ricardoe/Escritorio/SIGEN/SIGEN/vendor/laravel/framework/src/Illuminate/Foundation/Http/Middleware/TransformsRequest.php(21): Illuminate\\Routing\\Pipeline->Illuminate\\Routing\\{closure}(Object(Illuminate\\Http\\Request))
#47 /home/ricardoe/Escritorio/SIGEN/SIGEN/vendor/laravel/framework/src/Illuminate/Pipeline/Pipeline.php(163): Illuminate\\Foundation\\Http\\Middleware\\TransformsRequest->handle(Object(Illuminate\\Http\\Request), Object(Closure))
#48 /home/ricardoe/Escritorio/SIGEN/SIGEN/vendor/laravel/framework/src/Illuminate/Routing/Pipeline.php(53): Illuminate\\Pipeline\\Pipeline->Illuminate\\Pipeline\\{closure}(Object(Illuminate\\Http\\Request))
#49 /home/ricardoe/Escritorio/SIGEN/SIGEN/vendor/laravel/framework/src/Illuminate/Foundation/Http/Middleware/TransformsRequest.php(21): Illuminate\\Routing\\Pipeline->Illuminate\\Routing\\{closure}(Object(Illuminate\\Http\\Request))
#50 /home/ricardoe/Escritorio/SIGEN/SIGEN/vendor/laravel/framework/src/Illuminate/Pipeline/Pipeline.php(163): Illuminate\\Foundation\\Http\\Middleware\\TransformsRequest->handle(Object(Illuminate\\Http\\Request), Object(Closure))
#51 /home/ricardoe/Escritorio/SIGEN/SIGEN/vendor/laravel/framework/src/Illuminate/Routing/Pipeline.php(53): Illuminate\\Pipeline\\Pipeline->Illuminate\\Pipeline\\{closure}(Object(Illuminate\\Http\\Request))
#52 /home/ricardoe/Escritorio/SIGEN/SIGEN/vendor/laravel/framework/src/Illuminate/Foundation/Http/Middleware/ValidatePostSize.php(27): Illuminate\\Routing\\Pipeline->Illuminate\\Routing\\{closure}(Object(Illuminate\\Http\\Request))
#53 /home/ricardoe/Escritorio/SIGEN/SIGEN/vendor/laravel/framework/src/Illuminate/Pipeline/Pipeline.php(163): Illuminate\\Foundation\\Http\\Middleware\\ValidatePostSize->handle(Object(Illuminate\\Http\\Request), Object(Closure))
#54 /home/ricardoe/Escritorio/SIGEN/SIGEN/vendor/laravel/framework/src/Illuminate/Routing/Pipeline.php(53): Illuminate\\Pipeline\\Pipeline->Illuminate\\Pipeline\\{closure}(Object(Illuminate\\Http\\Request))
#55 /home/ricardoe/Escritorio/SIGEN/SIGEN/vendor/laravel/framework/src/Illuminate/Foundation/Http/Middleware/CheckForMaintenanceMode.php(62): Illuminate\\Routing\\Pipeline->Illuminate\\Routing\\{closure}(Object(Illuminate\\Http\\Request))
#56 /home/ricardoe/Escritorio/SIGEN/SIGEN/vendor/laravel/framework/src/Illuminate/Pipeline/Pipeline.php(163): Illuminate\\Foundation\\Http\\Middleware\\CheckForMaintenanceMode->handle(Object(Illuminate\\Http\\Request), Object(Closure))
#57 /home/ricardoe/Escritorio/SIGEN/SIGEN/vendor/laravel/framework/src/Illuminate/Routing/Pipeline.php(53): Illuminate\\Pipeline\\Pipeline->Illuminate\\Pipeline\\{closure}(Object(Illuminate\\Http\\Request))
#58 /home/ricardoe/Escritorio/SIGEN/SIGEN/vendor/laravel/framework/src/Illuminate/Pipeline/Pipeline.php(104): Illuminate\\Routing\\Pipeline->Illuminate\\Routing\\{closure}(Object(Illuminate\\Http\\Request))
#59 /home/ricardoe/Escritorio/SIGEN/SIGEN/vendor/laravel/framework/src/Illuminate/Foundation/Http/Kernel.php(151): Illuminate\\Pipeline\\Pipeline->then(Object(Closure))
#60 /home/ricardoe/Escritorio/SIGEN/SIGEN/vendor/laravel/framework/src/Illuminate/Foundation/Http/Kernel.php(116): Illuminate\\Foundation\\Http\\Kernel->sendRequestThroughRouter(Object(Illuminate\\Http\\Request))
#61 /home/ricardoe/Escritorio/SIGEN/SIGEN/public/index.php(55): Illuminate\\Foundation\\Http\\Kernel->handle(Object(Illuminate\\Http\\Request))
#62 /home/ricardoe/Escritorio/SIGEN/SIGEN/server.php(21): require_once('/home/ricardoe/...')
#63 {main}
"} 
[2019-09-06 04:52:31] local.ERROR: Undefined variable: messagexe {"userId":4,"exception":"[object] (ErrorException(code: 0): Undefined variable: messagexe at /home/ricardoe/Escritorio/SIGEN/SIGEN/app/Http/Controllers/PreguntaController.php:168)
[stacktrace]
#0 /home/ricardoe/Escritorio/SIGEN/SIGEN/app/Http/Controllers/PreguntaController.php(168): Illuminate\\Foundation\\Bootstrap\\HandleExceptions->handleError(8, 'Undefined varia...', '/home/ricardoe/...', 168, Array)
#1 [internal function]: App\\Http\\Controllers\\PreguntaController->destroy(Object(Illuminate\\Http\\Request), '8', '2')
#2 /home/ricardoe/Escritorio/SIGEN/SIGEN/vendor/laravel/framework/src/Illuminate/Routing/Controller.php(54): call_user_func_array(Array, Array)
#3 /home/ricardoe/Escritorio/SIGEN/SIGEN/vendor/laravel/framework/src/Illuminate/Routing/ControllerDispatcher.php(45): Illuminate\\Routing\\Controller->callAction('destroy', Array)
#4 /home/ricardoe/Escritorio/SIGEN/SIGEN/vendor/laravel/framework/src/Illuminate/Routing/Route.php(219): Illuminate\\Routing\\ControllerDispatcher->dispatch(Object(Illuminate\\Routing\\Route), Object(App\\Http\\Controllers\\PreguntaController), 'destroy')
#5 /home/ricardoe/Escritorio/SIGEN/SIGEN/vendor/laravel/framework/src/Illuminate/Routing/Route.php(176): Illuminate\\Routing\\Route->runController()
#6 /home/ricardoe/Escritorio/SIGEN/SIGEN/vendor/laravel/framework/src/Illuminate/Routing/Router.php(680): Illuminate\\Routing\\Route->run()
#7 /home/ricardoe/Escritorio/SIGEN/SIGEN/vendor/laravel/framework/src/Illuminate/Routing/Pipeline.php(30): Illuminate\\Routing\\Router->Illuminate\\Routing\\{closure}(Object(Illuminate\\Http\\Request))
#8 /home/ricardoe/Escritorio/SIGEN/SIGEN/app/Http/Middleware/TeacherMiddleware.php(24): Illuminate\\Routing\\Pipeline->Illuminate\\Routing\\{closure}(Object(Illuminate\\Http\\Request))
#9 /home/ricardoe/Escritorio/SIGEN/SIGEN/vendor/laravel/framework/src/Illuminate/Pipeline/Pipeline.php(163): App\\Http\\Middleware\\TeacherMiddleware->handle(Object(Illuminate\\Http\\Request), Object(Closure))
#10 /home/ricardoe/Escritorio/SIGEN/SIGEN/vendor/laravel/framework/src/Illuminate/Routing/Pipeline.php(53): Illuminate\\Pipeline\\Pipeline->Illuminate\\Pipeline\\{closure}(Object(Illuminate\\Http\\Request))
#11 /home/ricardoe/Escritorio/SIGEN/SIGEN/vendor/laravel/framework/src/Illuminate/Routing/Middleware/SubstituteBindings.php(41): Illuminate\\Routing\\Pipeline->Illuminate\\Routing\\{closure}(Object(Illuminate\\Http\\Request))
#12 /home/ricardoe/Escritorio/SIGEN/SIGEN/vendor/laravel/framework/src/Illuminate/Pipeline/Pipeline.php(163): Illuminate\\Routing\\Middleware\\SubstituteBindings->handle(Object(Illuminate\\Http\\Request), Object(Closure))
#13 /home/ricardoe/Escritorio/SIGEN/SIGEN/vendor/laravel/framework/src/Illuminate/Routing/Pipeline.php(53): Illuminate\\Pipeline\\Pipeline->Illuminate\\Pipeline\\{closure}(Object(Illuminate\\Http\\Request))
#14 /home/ricardoe/Escritorio/SIGEN/SIGEN/vendor/laravel/framework/src/Illuminate/Foundation/Http/Middleware/VerifyCsrfToken.php(75): Illuminate\\Routing\\Pipeline->Illuminate\\Routing\\{closure}(Object(Illuminate\\Http\\Request))
#15 /home/ricardoe/Escritorio/SIGEN/SIGEN/vendor/laravel/framework/src/Illuminate/Pipeline/Pipeline.php(163): Illuminate\\Foundation\\Http\\Middleware\\VerifyCsrfToken->handle(Object(Illuminate\\Http\\Request), Object(Closure))
#16 /home/ricardoe/Escritorio/SIGEN/SIGEN/vendor/laravel/framework/src/Illuminate/Routing/Pipeline.php(53): Illuminate\\Pipeline\\Pipeline->Illuminate\\Pipeline\\{closure}(Object(Illuminate\\Http\\Request))
#17 /home/ricardoe/Escritorio/SIGEN/SIGEN/vendor/laravel/framework/src/Illuminate/View/Middleware/ShareErrorsFromSession.php(49): Illuminate\\Routing\\Pipeline->Illuminate\\Routing\\{closure}(Object(Illuminate\\Http\\Request))
#18 /home/ricardoe/Escritorio/SIGEN/SIGEN/vendor/laravel/framework/src/Illuminate/Pipeline/Pipeline.php(163): Illuminate\\View\\Middleware\\ShareErrorsFromSession->handle(Object(Illuminate\\Http\\Request), Object(Closure))
#19 /home/ricardoe/Escritorio/SIGEN/SIGEN/vendor/laravel/framework/src/Illuminate/Routing/Pipeline.php(53): Illuminate\\Pipeline\\Pipeline->Illuminate\\Pipeline\\{closure}(Object(Illuminate\\Http\\Request))
#20 /home/ricardoe/Escritorio/SIGEN/SIGEN/vendor/laravel/framework/src/Illuminate/Session/Middleware/StartSession.php(56): Illuminate\\Routing\\Pipeline->Illuminate\\Routing\\{closure}(Object(Illuminate\\Http\\Request))
#21 /home/ricardoe/Escritorio/SIGEN/SIGEN/vendor/laravel/framework/src/Illuminate/Pipeline/Pipeline.php(163): Illuminate\\Session\\Middleware\\StartSession->handle(Object(Illuminate\\Http\\Request), Object(Closure))
#22 /home/ricardoe/Escritorio/SIGEN/SIGEN/vendor/laravel/framework/src/Illuminate/Routing/Pipeline.php(53): Illuminate\\Pipeline\\Pipeline->Illuminate\\Pipeline\\{closure}(Object(Illuminate\\Http\\Request))
#23 /home/ricardoe/Escritorio/SIGEN/SIGEN/vendor/laravel/framework/src/Illuminate/Cookie/Middleware/AddQueuedCookiesToResponse.php(37): Illuminate\\Routing\\Pipeline->Illuminate\\Routing\\{closure}(Object(Illuminate\\Http\\Request))
#24 /home/ricardoe/Escritorio/SIGEN/SIGEN/vendor/laravel/framework/src/Illuminate/Pipeline/Pipeline.php(163): Illuminate\\Cookie\\Middleware\\AddQueuedCookiesToResponse->handle(Object(Illuminate\\Http\\Request), Object(Closure))
#25 /home/ricardoe/Escritorio/SIGEN/SIGEN/vendor/laravel/framework/src/Illuminate/Routing/Pipeline.php(53): Illuminate\\Pipeline\\Pipeline->Illuminate\\Pipeline\\{closure}(Object(Illuminate\\Http\\Request))
#26 /home/ricardoe/Escritorio/SIGEN/SIGEN/vendor/laravel/framework/src/Illuminate/Cookie/Middleware/EncryptCookies.php(66): Illuminate\\Routing\\Pipeline->Illuminate\\Routing\\{closure}(Object(Illuminate\\Http\\Request))
#27 /home/ricardoe/Escritorio/SIGEN/SIGEN/vendor/laravel/framework/src/Illuminate/Pipeline/Pipeline.php(163): Illuminate\\Cookie\\Middleware\\EncryptCookies->handle(Object(Illuminate\\Http\\Request), Object(Closure))
#28 /home/ricardoe/Escritorio/SIGEN/SIGEN/vendor/laravel/framework/src/Illuminate/Routing/Pipeline.php(53): Illuminate\\Pipeline\\Pipeline->Illuminate\\Pipeline\\{closure}(Object(Illuminate\\Http\\Request))
#29 /home/ricardoe/Escritorio/SIGEN/SIGEN/vendor/laravel/framework/src/Illuminate/Pipeline/Pipeline.php(104): Illuminate\\Routing\\Pipeline->Illuminate\\Routing\\{closure}(Object(Illuminate\\Http\\Request))
#30 /home/ricardoe/Escritorio/SIGEN/SIGEN/vendor/laravel/framework/src/Illuminate/Routing/Router.php(682): Illuminate\\Pipeline\\Pipeline->then(Object(Closure))
#31 /home/ricardoe/Escritorio/SIGEN/SIGEN/vendor/laravel/framework/src/Illuminate/Routing/Router.php(657): Illuminate\\Routing\\Router->runRouteWithinStack(Object(Illuminate\\Routing\\Route), Object(Illuminate\\Http\\Request))
#32 /home/ricardoe/Escritorio/SIGEN/SIGEN/vendor/laravel/framework/src/Illuminate/Routing/Router.php(623): Illuminate\\Routing\\Router->runRoute(Object(Illuminate\\Http\\Request), Object(Illuminate\\Routing\\Route))
#33 /home/ricardoe/Escritorio/SIGEN/SIGEN/vendor/laravel/framework/src/Illuminate/Routing/Router.php(612): Illuminate\\Routing\\Router->dispatchToRoute(Object(Illuminate\\Http\\Request))
#34 /home/ricardoe/Escritorio/SIGEN/SIGEN/vendor/laravel/framework/src/Illuminate/Foundation/Http/Kernel.php(176): Illuminate\\Routing\\Router->dispatch(Object(Illuminate\\Http\\Request))
#35 /home/ricardoe/Escritorio/SIGEN/SIGEN/vendor/laravel/framework/src/Illuminate/Routing/Pipeline.php(30): Illuminate\\Foundation\\Http\\Kernel->Illuminate\\Foundation\\Http\\{closure}(Object(Illuminate\\Http\\Request))
#36 /home/ricardoe/Escritorio/SIGEN/SIGEN/vendor/fideloper/proxy/src/TrustProxies.php(57): Illuminate\\Routing\\Pipeline->Illuminate\\Routing\\{closure}(Object(Illuminate\\Http\\Request))
#37 /home/ricardoe/Escritorio/SIGEN/SIGEN/vendor/laravel/framework/src/Illuminate/Pipeline/Pipeline.php(163): Fideloper\\Proxy\\TrustProxies->handle(Object(Illuminate\\Http\\Request), Object(Closure))
#38 /home/ricardoe/Escritorio/SIGEN/SIGEN/vendor/laravel/framework/src/Illuminate/Routing/Pipeline.php(53): Illuminate\\Pipeline\\Pipeline->Illuminate\\Pipeline\\{closure}(Object(Illuminate\\Http\\Request))
#39 /home/ricardoe/Escritorio/SIGEN/SIGEN/vendor/laravel/framework/src/Illuminate/Foundation/Http/Middleware/TransformsRequest.php(21): Illuminate\\Routing\\Pipeline->Illuminate\\Routing\\{closure}(Object(Illuminate\\Http\\Request))
#40 /home/ricardoe/Escritorio/SIGEN/SIGEN/vendor/laravel/framework/src/Illuminate/Pipeline/Pipeline.php(163): Illuminate\\Foundation\\Http\\Middleware\\TransformsRequest->handle(Object(Illuminate\\Http\\Request), Object(Closure))
#41 /home/ricardoe/Escritorio/SIGEN/SIGEN/vendor/laravel/framework/src/Illuminate/Routing/Pipeline.php(53): Illuminate\\Pipeline\\Pipeline->Illuminate\\Pipeline\\{closure}(Object(Illuminate\\Http\\Request))
#42 /home/ricardoe/Escritorio/SIGEN/SIGEN/vendor/laravel/framework/src/Illuminate/Foundation/Http/Middleware/TransformsRequest.php(21): Illuminate\\Routing\\Pipeline->Illuminate\\Routing\\{closure}(Object(Illuminate\\Http\\Request))
#43 /home/ricardoe/Escritorio/SIGEN/SIGEN/vendor/laravel/framework/src/Illuminate/Pipeline/Pipeline.php(163): Illuminate\\Foundation\\Http\\Middleware\\TransformsRequest->handle(Object(Illuminate\\Http\\Request), Object(Closure))
#44 /home/ricardoe/Escritorio/SIGEN/SIGEN/vendor/laravel/framework/src/Illuminate/Routing/Pipeline.php(53): Illuminate\\Pipeline\\Pipeline->Illuminate\\Pipeline\\{closure}(Object(Illuminate\\Http\\Request))
#45 /home/ricardoe/Escritorio/SIGEN/SIGEN/vendor/laravel/framework/src/Illuminate/Foundation/Http/Middleware/ValidatePostSize.php(27): Illuminate\\Routing\\Pipeline->Illuminate\\Routing\\{closure}(Object(Illuminate\\Http\\Request))
#46 /home/ricardoe/Escritorio/SIGEN/SIGEN/vendor/laravel/framework/src/Illuminate/Pipeline/Pipeline.php(163): Illuminate\\Foundation\\Http\\Middleware\\ValidatePostSize->handle(Object(Illuminate\\Http\\Request), Object(Closure))
#47 /home/ricardoe/Escritorio/SIGEN/SIGEN/vendor/laravel/framework/src/Illuminate/Routing/Pipeline.php(53): Illuminate\\Pipeline\\Pipeline->Illuminate\\Pipeline\\{closure}(Object(Illuminate\\Http\\Request))
#48 /home/ricardoe/Escritorio/SIGEN/SIGEN/vendor/laravel/framework/src/Illuminate/Foundation/Http/Middleware/CheckForMaintenanceMode.php(62): Illuminate\\Routing\\Pipeline->Illuminate\\Routing\\{closure}(Object(Illuminate\\Http\\Request))
#49 /home/ricardoe/Escritorio/SIGEN/SIGEN/vendor/laravel/framework/src/Illuminate/Pipeline/Pipeline.php(163): Illuminate\\Foundation\\Http\\Middleware\\CheckForMaintenanceMode->handle(Object(Illuminate\\Http\\Request), Object(Closure))
#50 /home/ricardoe/Escritorio/SIGEN/SIGEN/vendor/laravel/framework/src/Illuminate/Routing/Pipeline.php(53): Illuminate\\Pipeline\\Pipeline->Illuminate\\Pipeline\\{closure}(Object(Illuminate\\Http\\Request))
#51 /home/ricardoe/Escritorio/SIGEN/SIGEN/vendor/laravel/framework/src/Illuminate/Pipeline/Pipeline.php(104): Illuminate\\Routing\\Pipeline->Illuminate\\Routing\\{closure}(Object(Illuminate\\Http\\Request))
#52 /home/ricardoe/Escritorio/SIGEN/SIGEN/vendor/laravel/framework/src/Illuminate/Foundation/Http/Kernel.php(151): Illuminate\\Pipeline\\Pipeline->then(Object(Closure))
#53 /home/ricardoe/Escritorio/SIGEN/SIGEN/vendor/laravel/framework/src/Illuminate/Foundation/Http/Kernel.php(116): Illuminate\\Foundation\\Http\\Kernel->sendRequestThroughRouter(Object(Illuminate\\Http\\Request))
#54 /home/ricardoe/Escritorio/SIGEN/SIGEN/public/index.php(55): Illuminate\\Foundation\\Http\\Kernel->handle(Object(Illuminate\\Http\\Request))
#55 /home/ricardoe/Escritorio/SIGEN/SIGEN/server.php(21): require_once('/home/ricardoe/...')
#56 {main}
"} 
