[2019-09-20 04:42:07] local.ERROR: SQLSTATE[22007]: Invalid datetime format: 1366 Incorrect integer value: 'ass' for column `sigen`.`evaluacion`.`duracion` at row 1 (SQL: insert into `evaluacion` (`nombre_evaluacion`, `id_carga`, `duracion`, `intentos`, `descripcion_evaluacion`, `preguntas_a_mostrar`, `revision`, `updated_at`, `created_at`) values (sdofidfodfiodi, 1, ass, 1, dofiidofidofido, 1, 0, 2019-09-20 04:42:06, 2019-09-20 04:42:06)) {"userId":4,"exception":"[object] (Illuminate\\Database\\QueryException(code: 22007): SQLSTATE[22007]: Invalid datetime format: 1366 Incorrect integer value: 'ass' for column `sigen`.`evaluacion`.`duracion` at row 1 (SQL: insert into `evaluacion` (`nombre_evaluacion`, `id_carga`, `duracion`, `intentos`, `descripcion_evaluacion`, `preguntas_a_mostrar`, `revision`, `updated_at`, `created_at`) values (sdofidfodfiodi, 1, ass, 1, dofiidofidofido, 1, 0, 2019-09-20 04:42:06, 2019-09-20 04:42:06)) at /media/datos/Users/Enrique/Documents/Code/php/SIGEN/vendor/laravel/framework/src/Illuminate/Database/Connection.php:664, PDOException(code: 22007): SQLSTATE[22007]: Invalid datetime format: 1366 Incorrect integer value: 'ass' for column `sigen`.`evaluacion`.`duracion` at row 1 at /media/datos/Users/Enrique/Documents/Code/php/SIGEN/vendor/laravel/framework/src/Illuminate/Database/Connection.php:458)
[stacktrace]
#0 /media/datos/Users/Enrique/Documents/Code/php/SIGEN/vendor/laravel/framework/src/Illuminate/Database/Connection.php(624): Illuminate\\Database\\Connection->runQueryCallback('insert into `ev...', Array, Object(Closure))
#1 /media/datos/Users/Enrique/Documents/Code/php/SIGEN/vendor/laravel/framework/src/Illuminate/Database/Connection.php(459): Illuminate\\Database\\Connection->run('insert into `ev...', Array, Object(Closure))
#2 /media/datos/Users/Enrique/Documents/Code/php/SIGEN/vendor/laravel/framework/src/Illuminate/Database/Connection.php(411): Illuminate\\Database\\Connection->statement('insert into `ev...', Array)
#3 /media/datos/Users/Enrique/Documents/Code/php/SIGEN/vendor/laravel/framework/src/Illuminate/Database/Query/Processors/Processor.php(32): Illuminate\\Database\\Connection->insert('insert into `ev...', Array)
#4 /media/datos/Users/Enrique/Documents/Code/php/SIGEN/vendor/laravel/framework/src/Illuminate/Database/Query/Builder.php(2657): Illuminate\\Database\\Query\\Processors\\Processor->processInsertGetId(Object(Illuminate\\Database\\Query\\Builder), 'insert into `ev...', Array, 'id')
#5 /media/datos/Users/Enrique/Documents/Code/php/SIGEN/vendor/laravel/framework/src/Illuminate/Database/Eloquent/Builder.php(1353): Illuminate\\Database\\Query\\Builder->insertGetId(Array, 'id')
#6 /media/datos/Users/Enrique/Documents/Code/php/SIGEN/vendor/laravel/framework/src/Illuminate/Database/Eloquent/Model.php(839): Illuminate\\Database\\Eloquent\\Builder->__call('insertGetId', Array)
#7 /media/datos/Users/Enrique/Documents/Code/php/SIGEN/vendor/laravel/framework/src/Illuminate/Database/Eloquent/Model.php(804): Illuminate\\Database\\Eloquent\\Model->insertAndSetId(Object(Illuminate\\Database\\Eloquent\\Builder), Array)
#8 /media/datos/Users/Enrique/Documents/Code/php/SIGEN/vendor/laravel/framework/src/Illuminate/Database/Eloquent/Model.php(667): Illuminate\\Database\\Eloquent\\Model->performInsert(Object(Illuminate\\Database\\Eloquent\\Builder))
#9 /media/datos/Users/Enrique/Documents/Code/php/SIGEN/app/Http/Controllers/EvaluacionController.php(62): Illuminate\\Database\\Eloquent\\Model->save()
#10 [internal function]: App\\Http\\Controllers\\EvaluacionController->postCreate('1', Object(Illuminate\\Http\\Request))
#11 /media/datos/Users/Enrique/Documents/Code/php/SIGEN/vendor/laravel/framework/src/Illuminate/Routing/Controller.php(54): call_user_func_array(Array, Array)
#12 /media/datos/Users/Enrique/Documents/Code/php/SIGEN/vendor/laravel/framework/src/Illuminate/Routing/ControllerDispatcher.php(45): Illuminate\\Routing\\Controller->callAction('postCreate', Array)
#13 /media/datos/Users/Enrique/Documents/Code/php/SIGEN/vendor/laravel/framework/src/Illuminate/Routing/Route.php(219): Illuminate\\Routing\\ControllerDispatcher->dispatch(Object(Illuminate\\Routing\\Route), Object(App\\Http\\Controllers\\EvaluacionController), 'postCreate')
#14 /media/datos/Users/Enrique/Documents/Code/php/SIGEN/vendor/laravel/framework/src/Illuminate/Routing/Route.php(176): Illuminate\\Routing\\Route->runController()
#15 /media/datos/Users/Enrique/Documents/Code/php/SIGEN/vendor/laravel/framework/src/Illuminate/Routing/Router.php(680): Illuminate\\Routing\\Route->run()
#16 /media/datos/Users/Enrique/Documents/Code/php/SIGEN/vendor/laravel/framework/src/Illuminate/Routing/Pipeline.php(30): Illuminate\\Routing\\Router->Illuminate\\Routing\\{closure}(Object(Illuminate\\Http\\Request))
#17 /media/datos/Users/Enrique/Documents/Code/php/SIGEN/app/Http/Middleware/TeacherMiddleware.php(24): Illuminate\\Routing\\Pipeline->Illuminate\\Routing\\{closure}(Object(Illuminate\\Http\\Request))
#18 /media/datos/Users/Enrique/Documents/Code/php/SIGEN/vendor/laravel/framework/src/Illuminate/Pipeline/Pipeline.php(163): App\\Http\\Middleware\\TeacherMiddleware->handle(Object(Illuminate\\Http\\Request), Object(Closure))
#19 /media/datos/Users/Enrique/Documents/Code/php/SIGEN/vendor/laravel/framework/src/Illuminate/Routing/Pipeline.php(53): Illuminate\\Pipeline\\Pipeline->Illuminate\\Pipeline\\{closure}(Object(Illuminate\\Http\\Request))
#20 /media/datos/Users/Enrique/Documents/Code/php/SIGEN/vendor/laravel/framework/src/Illuminate/Routing/Middleware/SubstituteBindings.php(41): Illuminate\\Routing\\Pipeline->Illuminate\\Routing\\{closure}(Object(Illuminate\\Http\\Request))
#21 /media/datos/Users/Enrique/Documents/Code/php/SIGEN/vendor/laravel/framework/src/Illuminate/Pipeline/Pipeline.php(163): Illuminate\\Routing\\Middleware\\SubstituteBindings->handle(Object(Illuminate\\Http\\Request), Object(Closure))
#22 /media/datos/Users/Enrique/Documents/Code/php/SIGEN/vendor/laravel/framework/src/Illuminate/Routing/Pipeline.php(53): Illuminate\\Pipeline\\Pipeline->Illuminate\\Pipeline\\{closure}(Object(Illuminate\\Http\\Request))
#23 /media/datos/Users/Enrique/Documents/Code/php/SIGEN/vendor/laravel/framework/src/Illuminate/Foundation/Http/Middleware/VerifyCsrfToken.php(75): Illuminate\\Routing\\Pipeline->Illuminate\\Routing\\{closure}(Object(Illuminate\\Http\\Request))
#24 /media/datos/Users/Enrique/Documents/Code/php/SIGEN/vendor/laravel/framework/src/Illuminate/Pipeline/Pipeline.php(163): Illuminate\\Foundation\\Http\\Middleware\\VerifyCsrfToken->handle(Object(Illuminate\\Http\\Request), Object(Closure))
#25 /media/datos/Users/Enrique/Documents/Code/php/SIGEN/vendor/laravel/framework/src/Illuminate/Routing/Pipeline.php(53): Illuminate\\Pipeline\\Pipeline->Illuminate\\Pipeline\\{closure}(Object(Illuminate\\Http\\Request))
#26 /media/datos/Users/Enrique/Documents/Code/php/SIGEN/vendor/laravel/framework/src/Illuminate/View/Middleware/ShareErrorsFromSession.php(49): Illuminate\\Routing\\Pipeline->Illuminate\\Routing\\{closure}(Object(Illuminate\\Http\\Request))
#27 /media/datos/Users/Enrique/Documents/Code/php/SIGEN/vendor/laravel/framework/src/Illuminate/Pipeline/Pipeline.php(163): Illuminate\\View\\Middleware\\ShareErrorsFromSession->handle(Object(Illuminate\\Http\\Request), Object(Closure))
#28 /media/datos/Users/Enrique/Documents/Code/php/SIGEN/vendor/laravel/framework/src/Illuminate/Routing/Pipeline.php(53): Illuminate\\Pipeline\\Pipeline->Illuminate\\Pipeline\\{closure}(Object(Illuminate\\Http\\Request))
#29 /media/datos/Users/Enrique/Documents/Code/php/SIGEN/vendor/laravel/framework/src/Illuminate/Session/Middleware/StartSession.php(56): Illuminate\\Routing\\Pipeline->Illuminate\\Routing\\{closure}(Object(Illuminate\\Http\\Request))
#30 /media/datos/Users/Enrique/Documents/Code/php/SIGEN/vendor/laravel/framework/src/Illuminate/Pipeline/Pipeline.php(163): Illuminate\\Session\\Middleware\\StartSession->handle(Object(Illuminate\\Http\\Request), Object(Closure))
#31 /media/datos/Users/Enrique/Documents/Code/php/SIGEN/vendor/laravel/framework/src/Illuminate/Routing/Pipeline.php(53): Illuminate\\Pipeline\\Pipeline->Illuminate\\Pipeline\\{closure}(Object(Illuminate\\Http\\Request))
#32 /media/datos/Users/Enrique/Documents/Code/php/SIGEN/vendor/laravel/framework/src/Illuminate/Cookie/Middleware/AddQueuedCookiesToResponse.php(37): Illuminate\\Routing\\Pipeline->Illuminate\\Routing\\{closure}(Object(Illuminate\\Http\\Request))
#33 /media/datos/Users/Enrique/Documents/Code/php/SIGEN/vendor/laravel/framework/src/Illuminate/Pipeline/Pipeline.php(163): Illuminate\\Cookie\\Middleware\\AddQueuedCookiesToResponse->handle(Object(Illuminate\\Http\\Request), Object(Closure))
#34 /media/datos/Users/Enrique/Documents/Code/php/SIGEN/vendor/laravel/framework/src/Illuminate/Routing/Pipeline.php(53): Illuminate\\Pipeline\\Pipeline->Illuminate\\Pipeline\\{closure}(Object(Illuminate\\Http\\Request))
#35 /media/datos/Users/Enrique/Documents/Code/php/SIGEN/vendor/laravel/framework/src/Illuminate/Cookie/Middleware/EncryptCookies.php(66): Illuminate\\Routing\\Pipeline->Illuminate\\Routing\\{closure}(Object(Illuminate\\Http\\Request))
#36 /media/datos/Users/Enrique/Documents/Code/php/SIGEN/vendor/laravel/framework/src/Illuminate/Pipeline/Pipeline.php(163): Illuminate\\Cookie\\Middleware\\EncryptCookies->handle(Object(Illuminate\\Http\\Request), Object(Closure))
#37 /media/datos/Users/Enrique/Documents/Code/php/SIGEN/vendor/laravel/framework/src/Illuminate/Routing/Pipeline.php(53): Illuminate\\Pipeline\\Pipeline->Illuminate\\Pipeline\\{closure}(Object(Illuminate\\Http\\Request))
#38 /media/datos/Users/Enrique/Documents/Code/php/SIGEN/vendor/laravel/framework/src/Illuminate/Pipeline/Pipeline.php(104): Illuminate\\Routing\\Pipeline->Illuminate\\Routing\\{closure}(Object(Illuminate\\Http\\Request))
#39 /media/datos/Users/Enrique/Documents/Code/php/SIGEN/vendor/laravel/framework/src/Illuminate/Routing/Router.php(682): Illuminate\\Pipeline\\Pipeline->then(Object(Closure))
#40 /media/datos/Users/Enrique/Documents/Code/php/SIGEN/vendor/laravel/framework/src/Illuminate/Routing/Router.php(657): Illuminate\\Routing\\Router->runRouteWithinStack(Object(Illuminate\\Routing\\Route), Object(Illuminate\\Http\\Request))
#41 /media/datos/Users/Enrique/Documents/Code/php/SIGEN/vendor/laravel/framework/src/Illuminate/Routing/Router.php(623): Illuminate\\Routing\\Router->runRoute(Object(Illuminate\\Http\\Request), Object(Illuminate\\Routing\\Route))
#42 /media/datos/Users/Enrique/Documents/Code/php/SIGEN/vendor/laravel/framework/src/Illuminate/Routing/Router.php(612): Illuminate\\Routing\\Router->dispatchToRoute(Object(Illuminate\\Http\\Request))
#43 /media/datos/Users/Enrique/Documents/Code/php/SIGEN/vendor/laravel/framework/src/Illuminate/Foundation/Http/Kernel.php(176): Illuminate\\Routing\\Router->dispatch(Object(Illuminate\\Http\\Request))
#44 /media/datos/Users/Enrique/Documents/Code/php/SIGEN/vendor/laravel/framework/src/Illuminate/Routing/Pipeline.php(30): Illuminate\\Foundation\\Http\\Kernel->Illuminate\\Foundation\\Http\\{closure}(Object(Illuminate\\Http\\Request))
#45 /media/datos/Users/Enrique/Documents/Code/php/SIGEN/vendor/fideloper/proxy/src/TrustProxies.php(57): Illuminate\\Routing\\Pipeline->Illuminate\\Routing\\{closure}(Object(Illuminate\\Http\\Request))
#46 /media/datos/Users/Enrique/Documents/Code/php/SIGEN/vendor/laravel/framework/src/Illuminate/Pipeline/Pipeline.php(163): Fideloper\\Proxy\\TrustProxies->handle(Object(Illuminate\\Http\\Request), Object(Closure))
#47 /media/datos/Users/Enrique/Documents/Code/php/SIGEN/vendor/laravel/framework/src/Illuminate/Routing/Pipeline.php(53): Illuminate\\Pipeline\\Pipeline->Illuminate\\Pipeline\\{closure}(Object(Illuminate\\Http\\Request))
#48 /media/datos/Users/Enrique/Documents/Code/php/SIGEN/vendor/laravel/framework/src/Illuminate/Foundation/Http/Middleware/TransformsRequest.php(21): Illuminate\\Routing\\Pipeline->Illuminate\\Routing\\{closure}(Object(Illuminate\\Http\\Request))
#49 /media/datos/Users/Enrique/Documents/Code/php/SIGEN/vendor/laravel/framework/src/Illuminate/Pipeline/Pipeline.php(163): Illuminate\\Foundation\\Http\\Middleware\\TransformsRequest->handle(Object(Illuminate\\Http\\Request), Object(Closure))
#50 /media/datos/Users/Enrique/Documents/Code/php/SIGEN/vendor/laravel/framework/src/Illuminate/Routing/Pipeline.php(53): Illuminate\\Pipeline\\Pipeline->Illuminate\\Pipeline\\{closure}(Object(Illuminate\\Http\\Request))
#51 /media/datos/Users/Enrique/Documents/Code/php/SIGEN/vendor/laravel/framework/src/Illuminate/Foundation/Http/Middleware/TransformsRequest.php(21): Illuminate\\Routing\\Pipeline->Illuminate\\Routing\\{closure}(Object(Illuminate\\Http\\Request))
#52 /media/datos/Users/Enrique/Documents/Code/php/SIGEN/vendor/laravel/framework/src/Illuminate/Pipeline/Pipeline.php(163): Illuminate\\Foundation\\Http\\Middleware\\TransformsRequest->handle(Object(Illuminate\\Http\\Request), Object(Closure))
#53 /media/datos/Users/Enrique/Documents/Code/php/SIGEN/vendor/laravel/framework/src/Illuminate/Routing/Pipeline.php(53): Illuminate\\Pipeline\\Pipeline->Illuminate\\Pipeline\\{closure}(Object(Illuminate\\Http\\Request))
#54 /media/datos/Users/Enrique/Documents/Code/php/SIGEN/vendor/laravel/framework/src/Illuminate/Foundation/Http/Middleware/ValidatePostSize.php(27): Illuminate\\Routing\\Pipeline->Illuminate\\Routing\\{closure}(Object(Illuminate\\Http\\Request))
#55 /media/datos/Users/Enrique/Documents/Code/php/SIGEN/vendor/laravel/framework/src/Illuminate/Pipeline/Pipeline.php(163): Illuminate\\Foundation\\Http\\Middleware\\ValidatePostSize->handle(Object(Illuminate\\Http\\Request), Object(Closure))
#56 /media/datos/Users/Enrique/Documents/Code/php/SIGEN/vendor/laravel/framework/src/Illuminate/Routing/Pipeline.php(53): Illuminate\\Pipeline\\Pipeline->Illuminate\\Pipeline\\{closure}(Object(Illuminate\\Http\\Request))
#57 /media/datos/Users/Enrique/Documents/Code/php/SIGEN/vendor/laravel/framework/src/Illuminate/Foundation/Http/Middleware/CheckForMaintenanceMode.php(62): Illuminate\\Routing\\Pipeline->Illuminate\\Routing\\{closure}(Object(Illuminate\\Http\\Request))
#58 /media/datos/Users/Enrique/Documents/Code/php/SIGEN/vendor/laravel/framework/src/Illuminate/Pipeline/Pipeline.php(163): Illuminate\\Foundation\\Http\\Middleware\\CheckForMaintenanceMode->handle(Object(Illuminate\\Http\\Request), Object(Closure))
#59 /media/datos/Users/Enrique/Documents/Code/php/SIGEN/vendor/laravel/framework/src/Illuminate/Routing/Pipeline.php(53): Illuminate\\Pipeline\\Pipeline->Illuminate\\Pipeline\\{closure}(Object(Illuminate\\Http\\Request))
#60 /media/datos/Users/Enrique/Documents/Code/php/SIGEN/vendor/laravel/framework/src/Illuminate/Pipeline/Pipeline.php(104): Illuminate\\Routing\\Pipeline->Illuminate\\Routing\\{closure}(Object(Illuminate\\Http\\Request))
#61 /media/datos/Users/Enrique/Documents/Code/php/SIGEN/vendor/laravel/framework/src/Illuminate/Foundation/Http/Kernel.php(151): Illuminate\\Pipeline\\Pipeline->then(Object(Closure))
#62 /media/datos/Users/Enrique/Documents/Code/php/SIGEN/vendor/laravel/framework/src/Illuminate/Foundation/Http/Kernel.php(116): Illuminate\\Foundation\\Http\\Kernel->sendRequestThroughRouter(Object(Illuminate\\Http\\Request))
#63 /media/datos/Users/Enrique/Documents/Code/php/SIGEN/public/index.php(55): Illuminate\\Foundation\\Http\\Kernel->handle(Object(Illuminate\\Http\\Request))
#64 /media/datos/Users/Enrique/Documents/Code/php/SIGEN/server.php(21): require_once('/media/datos/Us...')
#65 {main}
"} 
[2019-09-20 04:57:10] local.ERROR: SQLSTATE[42S22]: Column not found: 1054 Unknown column 'habilitado' in 'where clause' (SQL: select * from `evaluacion` where `id_carga` = 1 and `habilitado` = 1) {"userId":4,"exception":"[object] (Illuminate\\Database\\QueryException(code: 42S22): SQLSTATE[42S22]: Column not found: 1054 Unknown column 'habilitado' in 'where clause' (SQL: select * from `evaluacion` where `id_carga` = 1 and `habilitado` = 1) at /media/datos/Users/Enrique/Documents/Code/php/SIGEN/vendor/laravel/framework/src/Illuminate/Database/Connection.php:664, PDOException(code: 42S22): SQLSTATE[42S22]: Column not found: 1054 Unknown column 'habilitado' in 'where clause' at /media/datos/Users/Enrique/Documents/Code/php/SIGEN/vendor/laravel/framework/src/Illuminate/Database/Connection.php:326)
[stacktrace]
#0 /media/datos/Users/Enrique/Documents/Code/php/SIGEN/vendor/laravel/framework/src/Illuminate/Database/Connection.php(624): Illuminate\\Database\\Connection->runQueryCallback('select * from `...', Array, Object(Closure))
#1 /media/datos/Users/Enrique/Documents/Code/php/SIGEN/vendor/laravel/framework/src/Illuminate/Database/Connection.php(333): Illuminate\\Database\\Connection->run('select * from `...', Array, Object(Closure))
#2 /media/datos/Users/Enrique/Documents/Code/php/SIGEN/vendor/laravel/framework/src/Illuminate/Database/Query/Builder.php(2124): Illuminate\\Database\\Connection->select('select * from `...', Array, true)
#3 /media/datos/Users/Enrique/Documents/Code/php/SIGEN/vendor/laravel/framework/src/Illuminate/Database/Query/Builder.php(2112): Illuminate\\Database\\Query\\Builder->runSelect()
#4 /media/datos/Users/Enrique/Documents/Code/php/SIGEN/vendor/laravel/framework/src/Illuminate/Database/Query/Builder.php(2598): Illuminate\\Database\\Query\\Builder->Illuminate\\Database\\Query\\{closure}()
#5 /media/datos/Users/Enrique/Documents/Code/php/SIGEN/vendor/laravel/framework/src/Illuminate/Database/Query/Builder.php(2113): Illuminate\\Database\\Query\\Builder->onceWithColumns(Array, Object(Closure))
#6 /media/datos/Users/Enrique/Documents/Code/php/SIGEN/vendor/laravel/framework/src/Illuminate/Database/Eloquent/Builder.php(521): Illuminate\\Database\\Query\\Builder->get(Array)
#7 /media/datos/Users/Enrique/Documents/Code/php/SIGEN/vendor/laravel/framework/src/Illuminate/Database/Eloquent/Builder.php(505): Illuminate\\Database\\Eloquent\\Builder->getModels(Array)
#8 /media/datos/Users/Enrique/Documents/Code/php/SIGEN/app/Http/Controllers/EvaluacionController.php(137): Illuminate\\Database\\Eloquent\\Builder->get()
#9 [internal function]: App\\Http\\Controllers\\EvaluacionController->listado('1')
#10 /media/datos/Users/Enrique/Documents/Code/php/SIGEN/vendor/laravel/framework/src/Illuminate/Routing/Controller.php(54): call_user_func_array(Array, Array)
#11 /media/datos/Users/Enrique/Documents/Code/php/SIGEN/vendor/laravel/framework/src/Illuminate/Routing/ControllerDispatcher.php(45): Illuminate\\Routing\\Controller->callAction('listado', Array)
#12 /media/datos/Users/Enrique/Documents/Code/php/SIGEN/vendor/laravel/framework/src/Illuminate/Routing/Route.php(219): Illuminate\\Routing\\ControllerDispatcher->dispatch(Object(Illuminate\\Routing\\Route), Object(App\\Http\\Controllers\\EvaluacionController), 'listado')
#13 /media/datos/Users/Enrique/Documents/Code/php/SIGEN/vendor/laravel/framework/src/Illuminate/Routing/Route.php(176): Illuminate\\Routing\\Route->runController()
#14 /media/datos/Users/Enrique/Documents/Code/php/SIGEN/vendor/laravel/framework/src/Illuminate/Routing/Router.php(680): Illuminate\\Routing\\Route->run()
#15 /media/datos/Users/Enrique/Documents/Code/php/SIGEN/vendor/laravel/framework/src/Illuminate/Routing/Pipeline.php(30): Illuminate\\Routing\\Router->Illuminate\\Routing\\{closure}(Object(Illuminate\\Http\\Request))
#16 /media/datos/Users/Enrique/Documents/Code/php/SIGEN/vendor/laravel/framework/src/Illuminate/Routing/Middleware/SubstituteBindings.php(41): Illuminate\\Routing\\Pipeline->Illuminate\\Routing\\{closure}(Object(Illuminate\\Http\\Request))
#17 /media/datos/Users/Enrique/Documents/Code/php/SIGEN/vendor/laravel/framework/src/Illuminate/Pipeline/Pipeline.php(163): Illuminate\\Routing\\Middleware\\SubstituteBindings->handle(Object(Illuminate\\Http\\Request), Object(Closure))
#18 /media/datos/Users/Enrique/Documents/Code/php/SIGEN/vendor/laravel/framework/src/Illuminate/Routing/Pipeline.php(53): Illuminate\\Pipeline\\Pipeline->Illuminate\\Pipeline\\{closure}(Object(Illuminate\\Http\\Request))
#19 /media/datos/Users/Enrique/Documents/Code/php/SIGEN/vendor/laravel/framework/src/Illuminate/Foundation/Http/Middleware/VerifyCsrfToken.php(75): Illuminate\\Routing\\Pipeline->Illuminate\\Routing\\{closure}(Object(Illuminate\\Http\\Request))
#20 /media/datos/Users/Enrique/Documents/Code/php/SIGEN/vendor/laravel/framework/src/Illuminate/Pipeline/Pipeline.php(163): Illuminate\\Foundation\\Http\\Middleware\\VerifyCsrfToken->handle(Object(Illuminate\\Http\\Request), Object(Closure))
#21 /media/datos/Users/Enrique/Documents/Code/php/SIGEN/vendor/laravel/framework/src/Illuminate/Routing/Pipeline.php(53): Illuminate\\Pipeline\\Pipeline->Illuminate\\Pipeline\\{closure}(Object(Illuminate\\Http\\Request))
#22 /media/datos/Users/Enrique/Documents/Code/php/SIGEN/vendor/laravel/framework/src/Illuminate/View/Middleware/ShareErrorsFromSession.php(49): Illuminate\\Routing\\Pipeline->Illuminate\\Routing\\{closure}(Object(Illuminate\\Http\\Request))
#23 /media/datos/Users/Enrique/Documents/Code/php/SIGEN/vendor/laravel/framework/src/Illuminate/Pipeline/Pipeline.php(163): Illuminate\\View\\Middleware\\ShareErrorsFromSession->handle(Object(Illuminate\\Http\\Request), Object(Closure))
#24 /media/datos/Users/Enrique/Documents/Code/php/SIGEN/vendor/laravel/framework/src/Illuminate/Routing/Pipeline.php(53): Illuminate\\Pipeline\\Pipeline->Illuminate\\Pipeline\\{closure}(Object(Illuminate\\Http\\Request))
#25 /media/datos/Users/Enrique/Documents/Code/php/SIGEN/vendor/laravel/framework/src/Illuminate/Session/Middleware/StartSession.php(56): Illuminate\\Routing\\Pipeline->Illuminate\\Routing\\{closure}(Object(Illuminate\\Http\\Request))
#26 /media/datos/Users/Enrique/Documents/Code/php/SIGEN/vendor/laravel/framework/src/Illuminate/Pipeline/Pipeline.php(163): Illuminate\\Session\\Middleware\\StartSession->handle(Object(Illuminate\\Http\\Request), Object(Closure))
#27 /media/datos/Users/Enrique/Documents/Code/php/SIGEN/vendor/laravel/framework/src/Illuminate/Routing/Pipeline.php(53): Illuminate\\Pipeline\\Pipeline->Illuminate\\Pipeline\\{closure}(Object(Illuminate\\Http\\Request))
#28 /media/datos/Users/Enrique/Documents/Code/php/SIGEN/vendor/laravel/framework/src/Illuminate/Cookie/Middleware/AddQueuedCookiesToResponse.php(37): Illuminate\\Routing\\Pipeline->Illuminate\\Routing\\{closure}(Object(Illuminate\\Http\\Request))
#29 /media/datos/Users/Enrique/Documents/Code/php/SIGEN/vendor/laravel/framework/src/Illuminate/Pipeline/Pipeline.php(163): Illuminate\\Cookie\\Middleware\\AddQueuedCookiesToResponse->handle(Object(Illuminate\\Http\\Request), Object(Closure))
#30 /media/datos/Users/Enrique/Documents/Code/php/SIGEN/vendor/laravel/framework/src/Illuminate/Routing/Pipeline.php(53): Illuminate\\Pipeline\\Pipeline->Illuminate\\Pipeline\\{closure}(Object(Illuminate\\Http\\Request))
#31 /media/datos/Users/Enrique/Documents/Code/php/SIGEN/vendor/laravel/framework/src/Illuminate/Cookie/Middleware/EncryptCookies.php(66): Illuminate\\Routing\\Pipeline->Illuminate\\Routing\\{closure}(Object(Illuminate\\Http\\Request))
#32 /media/datos/Users/Enrique/Documents/Code/php/SIGEN/vendor/laravel/framework/src/Illuminate/Pipeline/Pipeline.php(163): Illuminate\\Cookie\\Middleware\\EncryptCookies->handle(Object(Illuminate\\Http\\Request), Object(Closure))
#33 /media/datos/Users/Enrique/Documents/Code/php/SIGEN/vendor/laravel/framework/src/Illuminate/Routing/Pipeline.php(53): Illuminate\\Pipeline\\Pipeline->Illuminate\\Pipeline\\{closure}(Object(Illuminate\\Http\\Request))
#34 /media/datos/Users/Enrique/Documents/Code/php/SIGEN/vendor/laravel/framework/src/Illuminate/Pipeline/Pipeline.php(104): Illuminate\\Routing\\Pipeline->Illuminate\\Routing\\{closure}(Object(Illuminate\\Http\\Request))
#35 /media/datos/Users/Enrique/Documents/Code/php/SIGEN/vendor/laravel/framework/src/Illuminate/Routing/Router.php(682): Illuminate\\Pipeline\\Pipeline->then(Object(Closure))
#36 /media/datos/Users/Enrique/Documents/Code/php/SIGEN/vendor/laravel/framework/src/Illuminate/Routing/Router.php(657): Illuminate\\Routing\\Router->runRouteWithinStack(Object(Illuminate\\Routing\\Route), Object(Illuminate\\Http\\Request))
#37 /media/datos/Users/Enrique/Documents/Code/php/SIGEN/vendor/laravel/framework/src/Illuminate/Routing/Router.php(623): Illuminate\\Routing\\Router->runRoute(Object(Illuminate\\Http\\Request), Object(Illuminate\\Routing\\Route))
#38 /media/datos/Users/Enrique/Documents/Code/php/SIGEN/vendor/laravel/framework/src/Illuminate/Routing/Router.php(612): Illuminate\\Routing\\Router->dispatchToRoute(Object(Illuminate\\Http\\Request))
#39 /media/datos/Users/Enrique/Documents/Code/php/SIGEN/vendor/laravel/framework/src/Illuminate/Foundation/Http/Kernel.php(176): Illuminate\\Routing\\Router->dispatch(Object(Illuminate\\Http\\Request))
#40 /media/datos/Users/Enrique/Documents/Code/php/SIGEN/vendor/laravel/framework/src/Illuminate/Routing/Pipeline.php(30): Illuminate\\Foundation\\Http\\Kernel->Illuminate\\Foundation\\Http\\{closure}(Object(Illuminate\\Http\\Request))
#41 /media/datos/Users/Enrique/Documents/Code/php/SIGEN/vendor/fideloper/proxy/src/TrustProxies.php(57): Illuminate\\Routing\\Pipeline->Illuminate\\Routing\\{closure}(Object(Illuminate\\Http\\Request))
#42 /media/datos/Users/Enrique/Documents/Code/php/SIGEN/vendor/laravel/framework/src/Illuminate/Pipeline/Pipeline.php(163): Fideloper\\Proxy\\TrustProxies->handle(Object(Illuminate\\Http\\Request), Object(Closure))
#43 /media/datos/Users/Enrique/Documents/Code/php/SIGEN/vendor/laravel/framework/src/Illuminate/Routing/Pipeline.php(53): Illuminate\\Pipeline\\Pipeline->Illuminate\\Pipeline\\{closure}(Object(Illuminate\\Http\\Request))
#44 /media/datos/Users/Enrique/Documents/Code/php/SIGEN/vendor/laravel/framework/src/Illuminate/Foundation/Http/Middleware/TransformsRequest.php(21): Illuminate\\Routing\\Pipeline->Illuminate\\Routing\\{closure}(Object(Illuminate\\Http\\Request))
#45 /media/datos/Users/Enrique/Documents/Code/php/SIGEN/vendor/laravel/framework/src/Illuminate/Pipeline/Pipeline.php(163): Illuminate\\Foundation\\Http\\Middleware\\TransformsRequest->handle(Object(Illuminate\\Http\\Request), Object(Closure))
#46 /media/datos/Users/Enrique/Documents/Code/php/SIGEN/vendor/laravel/framework/src/Illuminate/Routing/Pipeline.php(53): Illuminate\\Pipeline\\Pipeline->Illuminate\\Pipeline\\{closure}(Object(Illuminate\\Http\\Request))
#47 /media/datos/Users/Enrique/Documents/Code/php/SIGEN/vendor/laravel/framework/src/Illuminate/Foundation/Http/Middleware/TransformsRequest.php(21): Illuminate\\Routing\\Pipeline->Illuminate\\Routing\\{closure}(Object(Illuminate\\Http\\Request))
#48 /media/datos/Users/Enrique/Documents/Code/php/SIGEN/vendor/laravel/framework/src/Illuminate/Pipeline/Pipeline.php(163): Illuminate\\Foundation\\Http\\Middleware\\TransformsRequest->handle(Object(Illuminate\\Http\\Request), Object(Closure))
#49 /media/datos/Users/Enrique/Documents/Code/php/SIGEN/vendor/laravel/framework/src/Illuminate/Routing/Pipeline.php(53): Illuminate\\Pipeline\\Pipeline->Illuminate\\Pipeline\\{closure}(Object(Illuminate\\Http\\Request))
#50 /media/datos/Users/Enrique/Documents/Code/php/SIGEN/vendor/laravel/framework/src/Illuminate/Foundation/Http/Middleware/ValidatePostSize.php(27): Illuminate\\Routing\\Pipeline->Illuminate\\Routing\\{closure}(Object(Illuminate\\Http\\Request))
#51 /media/datos/Users/Enrique/Documents/Code/php/SIGEN/vendor/laravel/framework/src/Illuminate/Pipeline/Pipeline.php(163): Illuminate\\Foundation\\Http\\Middleware\\ValidatePostSize->handle(Object(Illuminate\\Http\\Request), Object(Closure))
#52 /media/datos/Users/Enrique/Documents/Code/php/SIGEN/vendor/laravel/framework/src/Illuminate/Routing/Pipeline.php(53): Illuminate\\Pipeline\\Pipeline->Illuminate\\Pipeline\\{closure}(Object(Illuminate\\Http\\Request))
#53 /media/datos/Users/Enrique/Documents/Code/php/SIGEN/vendor/laravel/framework/src/Illuminate/Foundation/Http/Middleware/CheckForMaintenanceMode.php(62): Illuminate\\Routing\\Pipeline->Illuminate\\Routing\\{closure}(Object(Illuminate\\Http\\Request))
#54 /media/datos/Users/Enrique/Documents/Code/php/SIGEN/vendor/laravel/framework/src/Illuminate/Pipeline/Pipeline.php(163): Illuminate\\Foundation\\Http\\Middleware\\CheckForMaintenanceMode->handle(Object(Illuminate\\Http\\Request), Object(Closure))
#55 /media/datos/Users/Enrique/Documents/Code/php/SIGEN/vendor/laravel/framework/src/Illuminate/Routing/Pipeline.php(53): Illuminate\\Pipeline\\Pipeline->Illuminate\\Pipeline\\{closure}(Object(Illuminate\\Http\\Request))
#56 /media/datos/Users/Enrique/Documents/Code/php/SIGEN/vendor/laravel/framework/src/Illuminate/Pipeline/Pipeline.php(104): Illuminate\\Routing\\Pipeline->Illuminate\\Routing\\{closure}(Object(Illuminate\\Http\\Request))
#57 /media/datos/Users/Enrique/Documents/Code/php/SIGEN/vendor/laravel/framework/src/Illuminate/Foundation/Http/Kernel.php(151): Illuminate\\Pipeline\\Pipeline->then(Object(Closure))
#58 /media/datos/Users/Enrique/Documents/Code/php/SIGEN/vendor/laravel/framework/src/Illuminate/Foundation/Http/Kernel.php(116): Illuminate\\Foundation\\Http\\Kernel->sendRequestThroughRouter(Object(Illuminate\\Http\\Request))
#59 /media/datos/Users/Enrique/Documents/Code/php/SIGEN/public/index.php(55): Illuminate\\Foundation\\Http\\Kernel->handle(Object(Illuminate\\Http\\Request))
#60 /media/datos/Users/Enrique/Documents/Code/php/SIGEN/server.php(21): require_once('/media/datos/Us...')
#61 {main}
"} 
[2019-09-20 04:57:31] local.ERROR: There are no commands defined in the "mirgate" namespace.

Did you mean this?
    migrate {"exception":"[object] (Symfony\\Component\\Console\\Exception\\NamespaceNotFoundException(code: 0): There are no commands defined in the \"mirgate\" namespace.

Did you mean this?
    migrate at /media/datos/Users/Enrique/Documents/Code/php/SIGEN/vendor/symfony/console/Application.php:589)
[stacktrace]
#0 /media/datos/Users/Enrique/Documents/Code/php/SIGEN/vendor/symfony/console/Application.php(638): Symfony\\Component\\Console\\Application->findNamespace('mirgate')
#1 /media/datos/Users/Enrique/Documents/Code/php/SIGEN/vendor/symfony/console/Application.php(237): Symfony\\Component\\Console\\Application->find('mirgate:refresh')
#2 /media/datos/Users/Enrique/Documents/Code/php/SIGEN/vendor/symfony/console/Application.php(149): Symfony\\Component\\Console\\Application->doRun(Object(Symfony\\Component\\Console\\Input\\ArgvInput), Object(Symfony\\Component\\Console\\Output\\ConsoleOutput))
#3 /media/datos/Users/Enrique/Documents/Code/php/SIGEN/vendor/laravel/framework/src/Illuminate/Console/Application.php(90): Symfony\\Component\\Console\\Application->run(Object(Symfony\\Component\\Console\\Input\\ArgvInput), Object(Symfony\\Component\\Console\\Output\\ConsoleOutput))
#4 /media/datos/Users/Enrique/Documents/Code/php/SIGEN/vendor/laravel/framework/src/Illuminate/Foundation/Console/Kernel.php(133): Illuminate\\Console\\Application->run(Object(Symfony\\Component\\Console\\Input\\ArgvInput), Object(Symfony\\Component\\Console\\Output\\ConsoleOutput))
#5 /media/datos/Users/Enrique/Documents/Code/php/SIGEN/artisan(37): Illuminate\\Foundation\\Console\\Kernel->handle(Object(Symfony\\Component\\Console\\Input\\ArgvInput), Object(Symfony\\Component\\Console\\Output\\ConsoleOutput))
#6 {main}
"} 
