[2019-09-30 05:15:08] local.ERROR: Trying to get property 'clave_area' of non-object {"userId":7,"exception":"[object] (ErrorException(code: 0): Trying to get property 'clave_area' of non-object at /home/pablo/Documentos/UES/Ciclo_I_2019/DSI115/code/SIGEN/app/Intento.php:55)
[stacktrace]
#0 /home/pablo/Documentos/UES/Ciclo_I_2019/DSI115/code/SIGEN/app/Intento.php(55): Illuminate\\Foundation\\Bootstrap\\HandleExceptions->handleError(8, 'Trying to get p...', '/home/pablo/Doc...', 55, Array)
#1 /home/pablo/Documentos/UES/Ciclo_I_2019/DSI115/code/SIGEN/app/Http/Controllers/IntentoController.php(366): App\\Intento->calcularNota(4)
#2 /home/pablo/Documentos/UES/Ciclo_I_2019/DSI115/code/SIGEN/app/Http/Controllers/IntentoController.php(393): App\\Http\\Controllers\\IntentoController->finalizarIntentoWeb(4)
#3 [internal function]: App\\Http\\Controllers\\IntentoController->revisionEvaluacion('4')
#4 /home/pablo/Documentos/UES/Ciclo_I_2019/DSI115/code/SIGEN/vendor/laravel/framework/src/Illuminate/Routing/Controller.php(54): call_user_func_array(Array, Array)
#5 /home/pablo/Documentos/UES/Ciclo_I_2019/DSI115/code/SIGEN/vendor/laravel/framework/src/Illuminate/Routing/ControllerDispatcher.php(45): Illuminate\\Routing\\Controller->callAction('revisionEvaluac...', Array)
#6 /home/pablo/Documentos/UES/Ciclo_I_2019/DSI115/code/SIGEN/vendor/laravel/framework/src/Illuminate/Routing/Route.php(219): Illuminate\\Routing\\ControllerDispatcher->dispatch(Object(Illuminate\\Routing\\Route), Object(App\\Http\\Controllers\\IntentoController), 'revisionEvaluac...')
#7 /home/pablo/Documentos/UES/Ciclo_I_2019/DSI115/code/SIGEN/vendor/laravel/framework/src/Illuminate/Routing/Route.php(176): Illuminate\\Routing\\Route->runController()
#8 /home/pablo/Documentos/UES/Ciclo_I_2019/DSI115/code/SIGEN/vendor/laravel/framework/src/Illuminate/Routing/Router.php(680): Illuminate\\Routing\\Route->run()
#9 /home/pablo/Documentos/UES/Ciclo_I_2019/DSI115/code/SIGEN/vendor/laravel/framework/src/Illuminate/Routing/Pipeline.php(30): Illuminate\\Routing\\Router->Illuminate\\Routing\\{closure}(Object(Illuminate\\Http\\Request))
#10 /home/pablo/Documentos/UES/Ciclo_I_2019/DSI115/code/SIGEN/vendor/laravel/framework/src/Illuminate/Routing/Middleware/ValidateSignature.php(22): Illuminate\\Routing\\Pipeline->Illuminate\\Routing\\{closure}(Object(Illuminate\\Http\\Request))
#11 /home/pablo/Documentos/UES/Ciclo_I_2019/DSI115/code/SIGEN/vendor/laravel/framework/src/Illuminate/Pipeline/Pipeline.php(163): Illuminate\\Routing\\Middleware\\ValidateSignature->handle(Object(Illuminate\\Http\\Request), Object(Closure))
#12 /home/pablo/Documentos/UES/Ciclo_I_2019/DSI115/code/SIGEN/vendor/laravel/framework/src/Illuminate/Routing/Pipeline.php(53): Illuminate\\Pipeline\\Pipeline->Illuminate\\Pipeline\\{closure}(Object(Illuminate\\Http\\Request))
#13 /home/pablo/Documentos/UES/Ciclo_I_2019/DSI115/code/SIGEN/vendor/laravel/framework/src/Illuminate/Routing/Middleware/SubstituteBindings.php(41): Illuminate\\Routing\\Pipeline->Illuminate\\Routing\\{closure}(Object(Illuminate\\Http\\Request))
#14 /home/pablo/Documentos/UES/Ciclo_I_2019/DSI115/code/SIGEN/vendor/laravel/framework/src/Illuminate/Pipeline/Pipeline.php(163): Illuminate\\Routing\\Middleware\\SubstituteBindings->handle(Object(Illuminate\\Http\\Request), Object(Closure))
#15 /home/pablo/Documentos/UES/Ciclo_I_2019/DSI115/code/SIGEN/vendor/laravel/framework/src/Illuminate/Routing/Pipeline.php(53): Illuminate\\Pipeline\\Pipeline->Illuminate\\Pipeline\\{closure}(Object(Illuminate\\Http\\Request))
#16 /home/pablo/Documentos/UES/Ciclo_I_2019/DSI115/code/SIGEN/vendor/laravel/framework/src/Illuminate/Auth/Middleware/Authenticate.php(43): Illuminate\\Routing\\Pipeline->Illuminate\\Routing\\{closure}(Object(Illuminate\\Http\\Request))
#17 /home/pablo/Documentos/UES/Ciclo_I_2019/DSI115/code/SIGEN/vendor/laravel/framework/src/Illuminate/Pipeline/Pipeline.php(163): Illuminate\\Auth\\Middleware\\Authenticate->handle(Object(Illuminate\\Http\\Request), Object(Closure))
#18 /home/pablo/Documentos/UES/Ciclo_I_2019/DSI115/code/SIGEN/vendor/laravel/framework/src/Illuminate/Routing/Pipeline.php(53): Illuminate\\Pipeline\\Pipeline->Illuminate\\Pipeline\\{closure}(Object(Illuminate\\Http\\Request))
#19 /home/pablo/Documentos/UES/Ciclo_I_2019/DSI115/code/SIGEN/vendor/laravel/framework/src/Illuminate/Foundation/Http/Middleware/VerifyCsrfToken.php(75): Illuminate\\Routing\\Pipeline->Illuminate\\Routing\\{closure}(Object(Illuminate\\Http\\Request))
#20 /home/pablo/Documentos/UES/Ciclo_I_2019/DSI115/code/SIGEN/vendor/laravel/framework/src/Illuminate/Pipeline/Pipeline.php(163): Illuminate\\Foundation\\Http\\Middleware\\VerifyCsrfToken->handle(Object(Illuminate\\Http\\Request), Object(Closure))
#21 /home/pablo/Documentos/UES/Ciclo_I_2019/DSI115/code/SIGEN/vendor/laravel/framework/src/Illuminate/Routing/Pipeline.php(53): Illuminate\\Pipeline\\Pipeline->Illuminate\\Pipeline\\{closure}(Object(Illuminate\\Http\\Request))
#22 /home/pablo/Documentos/UES/Ciclo_I_2019/DSI115/code/SIGEN/vendor/laravel/framework/src/Illuminate/View/Middleware/ShareErrorsFromSession.php(49): Illuminate\\Routing\\Pipeline->Illuminate\\Routing\\{closure}(Object(Illuminate\\Http\\Request))
#23 /home/pablo/Documentos/UES/Ciclo_I_2019/DSI115/code/SIGEN/vendor/laravel/framework/src/Illuminate/Pipeline/Pipeline.php(163): Illuminate\\View\\Middleware\\ShareErrorsFromSession->handle(Object(Illuminate\\Http\\Request), Object(Closure))
#24 /home/pablo/Documentos/UES/Ciclo_I_2019/DSI115/code/SIGEN/vendor/laravel/framework/src/Illuminate/Routing/Pipeline.php(53): Illuminate\\Pipeline\\Pipeline->Illuminate\\Pipeline\\{closure}(Object(Illuminate\\Http\\Request))
#25 /home/pablo/Documentos/UES/Ciclo_I_2019/DSI115/code/SIGEN/vendor/laravel/framework/src/Illuminate/Session/Middleware/StartSession.php(56): Illuminate\\Routing\\Pipeline->Illuminate\\Routing\\{closure}(Object(Illuminate\\Http\\Request))
#26 /home/pablo/Documentos/UES/Ciclo_I_2019/DSI115/code/SIGEN/vendor/laravel/framework/src/Illuminate/Pipeline/Pipeline.php(163): Illuminate\\Session\\Middleware\\StartSession->handle(Object(Illuminate\\Http\\Request), Object(Closure))
#27 /home/pablo/Documentos/UES/Ciclo_I_2019/DSI115/code/SIGEN/vendor/laravel/framework/src/Illuminate/Routing/Pipeline.php(53): Illuminate\\Pipeline\\Pipeline->Illuminate\\Pipeline\\{closure}(Object(Illuminate\\Http\\Request))
#28 /home/pablo/Documentos/UES/Ciclo_I_2019/DSI115/code/SIGEN/vendor/laravel/framework/src/Illuminate/Cookie/Middleware/AddQueuedCookiesToResponse.php(37): Illuminate\\Routing\\Pipeline->Illuminate\\Routing\\{closure}(Object(Illuminate\\Http\\Request))
#29 /home/pablo/Documentos/UES/Ciclo_I_2019/DSI115/code/SIGEN/vendor/laravel/framework/src/Illuminate/Pipeline/Pipeline.php(163): Illuminate\\Cookie\\Middleware\\AddQueuedCookiesToResponse->handle(Object(Illuminate\\Http\\Request), Object(Closure))
#30 /home/pablo/Documentos/UES/Ciclo_I_2019/DSI115/code/SIGEN/vendor/laravel/framework/src/Illuminate/Routing/Pipeline.php(53): Illuminate\\Pipeline\\Pipeline->Illuminate\\Pipeline\\{closure}(Object(Illuminate\\Http\\Request))
#31 /home/pablo/Documentos/UES/Ciclo_I_2019/DSI115/code/SIGEN/vendor/laravel/framework/src/Illuminate/Cookie/Middleware/EncryptCookies.php(66): Illuminate\\Routing\\Pipeline->Illuminate\\Routing\\{closure}(Object(Illuminate\\Http\\Request))
#32 /home/pablo/Documentos/UES/Ciclo_I_2019/DSI115/code/SIGEN/vendor/laravel/framework/src/Illuminate/Pipeline/Pipeline.php(163): Illuminate\\Cookie\\Middleware\\EncryptCookies->handle(Object(Illuminate\\Http\\Request), Object(Closure))
#33 /home/pablo/Documentos/UES/Ciclo_I_2019/DSI115/code/SIGEN/vendor/laravel/framework/src/Illuminate/Routing/Pipeline.php(53): Illuminate\\Pipeline\\Pipeline->Illuminate\\Pipeline\\{closure}(Object(Illuminate\\Http\\Request))
#34 /home/pablo/Documentos/UES/Ciclo_I_2019/DSI115/code/SIGEN/vendor/laravel/framework/src/Illuminate/Pipeline/Pipeline.php(104): Illuminate\\Routing\\Pipeline->Illuminate\\Routing\\{closure}(Object(Illuminate\\Http\\Request))
#35 /home/pablo/Documentos/UES/Ciclo_I_2019/DSI115/code/SIGEN/vendor/laravel/framework/src/Illuminate/Routing/Router.php(682): Illuminate\\Pipeline\\Pipeline->then(Object(Closure))
#36 /home/pablo/Documentos/UES/Ciclo_I_2019/DSI115/code/SIGEN/vendor/laravel/framework/src/Illuminate/Routing/Router.php(657): Illuminate\\Routing\\Router->runRouteWithinStack(Object(Illuminate\\Routing\\Route), Object(Illuminate\\Http\\Request))
#37 /home/pablo/Documentos/UES/Ciclo_I_2019/DSI115/code/SIGEN/vendor/laravel/framework/src/Illuminate/Routing/Router.php(623): Illuminate\\Routing\\Router->runRoute(Object(Illuminate\\Http\\Request), Object(Illuminate\\Routing\\Route))
#38 /home/pablo/Documentos/UES/Ciclo_I_2019/DSI115/code/SIGEN/vendor/laravel/framework/src/Illuminate/Routing/Router.php(612): Illuminate\\Routing\\Router->dispatchToRoute(Object(Illuminate\\Http\\Request))
#39 /home/pablo/Documentos/UES/Ciclo_I_2019/DSI115/code/SIGEN/vendor/laravel/framework/src/Illuminate/Foundation/Http/Kernel.php(176): Illuminate\\Routing\\Router->dispatch(Object(Illuminate\\Http\\Request))
#40 /home/pablo/Documentos/UES/Ciclo_I_2019/DSI115/code/SIGEN/vendor/laravel/framework/src/Illuminate/Routing/Pipeline.php(30): Illuminate\\Foundation\\Http\\Kernel->Illuminate\\Foundation\\Http\\{closure}(Object(Illuminate\\Http\\Request))
#41 /home/pablo/Documentos/UES/Ciclo_I_2019/DSI115/code/SIGEN/vendor/fideloper/proxy/src/TrustProxies.php(57): Illuminate\\Routing\\Pipeline->Illuminate\\Routing\\{closure}(Object(Illuminate\\Http\\Request))
#42 /home/pablo/Documentos/UES/Ciclo_I_2019/DSI115/code/SIGEN/vendor/laravel/framework/src/Illuminate/Pipeline/Pipeline.php(163): Fideloper\\Proxy\\TrustProxies->handle(Object(Illuminate\\Http\\Request), Object(Closure))
#43 /home/pablo/Documentos/UES/Ciclo_I_2019/DSI115/code/SIGEN/vendor/laravel/framework/src/Illuminate/Routing/Pipeline.php(53): Illuminate\\Pipeline\\Pipeline->Illuminate\\Pipeline\\{closure}(Object(Illuminate\\Http\\Request))
#44 /home/pablo/Documentos/UES/Ciclo_I_2019/DSI115/code/SIGEN/vendor/laravel/framework/src/Illuminate/Foundation/Http/Middleware/TransformsRequest.php(21): Illuminate\\Routing\\Pipeline->Illuminate\\Routing\\{closure}(Object(Illuminate\\Http\\Request))
#45 /home/pablo/Documentos/UES/Ciclo_I_2019/DSI115/code/SIGEN/vendor/laravel/framework/src/Illuminate/Pipeline/Pipeline.php(163): Illuminate\\Foundation\\Http\\Middleware\\TransformsRequest->handle(Object(Illuminate\\Http\\Request), Object(Closure))
#46 /home/pablo/Documentos/UES/Ciclo_I_2019/DSI115/code/SIGEN/vendor/laravel/framework/src/Illuminate/Routing/Pipeline.php(53): Illuminate\\Pipeline\\Pipeline->Illuminate\\Pipeline\\{closure}(Object(Illuminate\\Http\\Request))
#47 /home/pablo/Documentos/UES/Ciclo_I_2019/DSI115/code/SIGEN/vendor/laravel/framework/src/Illuminate/Foundation/Http/Middleware/TransformsRequest.php(21): Illuminate\\Routing\\Pipeline->Illuminate\\Routing\\{closure}(Object(Illuminate\\Http\\Request))
#48 /home/pablo/Documentos/UES/Ciclo_I_2019/DSI115/code/SIGEN/vendor/laravel/framework/src/Illuminate/Pipeline/Pipeline.php(163): Illuminate\\Foundation\\Http\\Middleware\\TransformsRequest->handle(Object(Illuminate\\Http\\Request), Object(Closure))
#49 /home/pablo/Documentos/UES/Ciclo_I_2019/DSI115/code/SIGEN/vendor/laravel/framework/src/Illuminate/Routing/Pipeline.php(53): Illuminate\\Pipeline\\Pipeline->Illuminate\\Pipeline\\{closure}(Object(Illuminate\\Http\\Request))
#50 /home/pablo/Documentos/UES/Ciclo_I_2019/DSI115/code/SIGEN/vendor/laravel/framework/src/Illuminate/Foundation/Http/Middleware/ValidatePostSize.php(27): Illuminate\\Routing\\Pipeline->Illuminate\\Routing\\{closure}(Object(Illuminate\\Http\\Request))
#51 /home/pablo/Documentos/UES/Ciclo_I_2019/DSI115/code/SIGEN/vendor/laravel/framework/src/Illuminate/Pipeline/Pipeline.php(163): Illuminate\\Foundation\\Http\\Middleware\\ValidatePostSize->handle(Object(Illuminate\\Http\\Request), Object(Closure))
#52 /home/pablo/Documentos/UES/Ciclo_I_2019/DSI115/code/SIGEN/vendor/laravel/framework/src/Illuminate/Routing/Pipeline.php(53): Illuminate\\Pipeline\\Pipeline->Illuminate\\Pipeline\\{closure}(Object(Illuminate\\Http\\Request))
#53 /home/pablo/Documentos/UES/Ciclo_I_2019/DSI115/code/SIGEN/vendor/laravel/framework/src/Illuminate/Foundation/Http/Middleware/CheckForMaintenanceMode.php(62): Illuminate\\Routing\\Pipeline->Illuminate\\Routing\\{closure}(Object(Illuminate\\Http\\Request))
#54 /home/pablo/Documentos/UES/Ciclo_I_2019/DSI115/code/SIGEN/vendor/laravel/framework/src/Illuminate/Pipeline/Pipeline.php(163): Illuminate\\Foundation\\Http\\Middleware\\CheckForMaintenanceMode->handle(Object(Illuminate\\Http\\Request), Object(Closure))
#55 /home/pablo/Documentos/UES/Ciclo_I_2019/DSI115/code/SIGEN/vendor/laravel/framework/src/Illuminate/Routing/Pipeline.php(53): Illuminate\\Pipeline\\Pipeline->Illuminate\\Pipeline\\{closure}(Object(Illuminate\\Http\\Request))
#56 /home/pablo/Documentos/UES/Ciclo_I_2019/DSI115/code/SIGEN/vendor/laravel/framework/src/Illuminate/Pipeline/Pipeline.php(104): Illuminate\\Routing\\Pipeline->Illuminate\\Routing\\{closure}(Object(Illuminate\\Http\\Request))
#57 /home/pablo/Documentos/UES/Ciclo_I_2019/DSI115/code/SIGEN/vendor/laravel/framework/src/Illuminate/Foundation/Http/Kernel.php(151): Illuminate\\Pipeline\\Pipeline->then(Object(Closure))
#58 /home/pablo/Documentos/UES/Ciclo_I_2019/DSI115/code/SIGEN/vendor/laravel/framework/src/Illuminate/Foundation/Http/Kernel.php(116): Illuminate\\Foundation\\Http\\Kernel->sendRequestThroughRouter(Object(Illuminate\\Http\\Request))
#59 /home/pablo/Documentos/UES/Ciclo_I_2019/DSI115/code/SIGEN/public/index.php(55): Illuminate\\Foundation\\Http\\Kernel->handle(Object(Illuminate\\Http\\Request))
#60 /home/pablo/Documentos/UES/Ciclo_I_2019/DSI115/code/SIGEN/server.php(21): require_once('/home/pablo/Doc...')
#61 {main}
"} 
